#
# There is insufficient memory for the Java Runtime Environment to continue.
# Native memory allocation (malloc) failed to allocate 2833296 bytes for Chunk::new
# Possible reasons:
#   The system is out of physical RAM or swap space
#   The process is running with CompressedOops enabled, and the Java Heap may be blocking the growth of the native heap
# Possible solutions:
#   Reduce memory load on the system
#   Increase physical memory or swap space
#   Check if swap backing store is full
#   Decrease Java heap size (-Xmx/-Xms)
#   Decrease number of Java threads
#   Decrease Java thread stack sizes (-Xss)
#   Set larger code cache with -XX:ReservedCodeCacheSize=
#   JVM is running with Unscaled Compressed Oops mode in which the Java heap is
#     placed in the first 4GB address space. The Java Heap base address is the
#     maximum limit for the native heap growth. Please use -XX:HeapBaseMinAddress
#     to set the Java Heap base and to place the Java Heap above 4GB virtual address.
# This output file may be truncated or incomplete.
#
#  Out of Memory Error (t:/workspace/open/src/hotspot/share/memory/arena.cpp:198), pid=25416, tid=25016
#
# JRE version: Java(TM) SE Runtime Environment (10.0.2+13) (build 10.0.2+13)
# Java VM: Java HotSpot(TM) 64-Bit Server VM (10.0.2+13, mixed mode, tiered, compressed oops, g1 gc, windows-amd64)
# No core dump will be written. Minidumps are not enabled by default on client versions of Windows
#

---------------  S U M M A R Y ------------

Command Line: -Dfile.encoding=Cp1252 application.Main

Host: Intel(R) Core(TM) i5-6500 CPU @ 3.20GHz, 4 cores, 7G,  Windows 10 , 64 bit Build 17134 (10.0.17134.1)
Time: Tue Jan 29 13:38:03 2019 Jerusalem Standard Time elapsed time: 0 seconds (0d 0h 0m 0s)

---------------  T H R E A D  ---------------

Current thread (0x000001273a26a800):  JavaThread "C2 CompilerThread0" daemon [_thread_in_native, id=25016, stack(0x0000000f13f00000,0x0000000f14000000)]


Current CompileTask:
C2:    617  963   !   4       com.sun.javafx.css.ParsedValueImpl::readBinary (688 bytes)

Stack: [0x0000000f13f00000,0x0000000f14000000]
Native frames: (J=compiled Java code, j=interpreted, Vv=VM code, C=native code)
V  [jvm.dll+0x5a01a9]
V  [jvm.dll+0x6bcf31]
V  [jvm.dll+0x6be126]
V  [jvm.dll+0x6be7b3]
V  [jvm.dll+0x234978]
V  [jvm.dll+0xbb69c]
V  [jvm.dll+0xbbbac]
V  [jvm.dll+0x34be98]
V  [jvm.dll+0x3110aa]
V  [jvm.dll+0x31063a]
V  [jvm.dll+0x1ffe91]
V  [jvm.dll+0x1ff116]
V  [jvm.dll+0x17c94b]
V  [jvm.dll+0x20c8dd]
V  [jvm.dll+0x20b6a6]
V  [jvm.dll+0x68b7ff]
V  [jvm.dll+0x59f4b0]
C  [msvcr120.dll+0x24f7f]
C  [msvcr120.dll+0x25126]
C  [KERNEL32.DLL+0x13034]
C  [ntdll.dll+0x71431]


---------------  P R O C E S S  ---------------

Threads class SMR info:
_java_thread_list=0x000001273ca1c500, length=17, elements={
0x000001271c2c3800, 0x000001273a25d000, 0x000001273aa78800, 0x000001273a269000,
0x000001273a26a000, 0x000001273a26a800, 0x000001273aa8e800, 0x000001273aa8f000,
0x000001273aa9a800, 0x000001273ac70000, 0x000001273ac75000, 0x000001273b0dd000,
0x000001273b2e1000, 0x000001273b4b0000, 0x000001273c068800, 0x000001273c096000,
0x000001273c379000
}

Java Threads: ( => current thread )
  0x000001271c2c3800 JavaThread "main" [_thread_blocked, id=24952, stack(0x0000000f12e00000,0x0000000f12f00000)]
  0x000001273a25d000 JavaThread "Reference Handler" daemon [_thread_blocked, id=24700, stack(0x0000000f13b00000,0x0000000f13c00000)]
  0x000001273aa78800 JavaThread "Finalizer" daemon [_thread_blocked, id=25440, stack(0x0000000f13c00000,0x0000000f13d00000)]
  0x000001273a269000 JavaThread "Signal Dispatcher" daemon [_thread_blocked, id=10252, stack(0x0000000f13d00000,0x0000000f13e00000)]
  0x000001273a26a000 JavaThread "Attach Listener" daemon [_thread_blocked, id=10116, stack(0x0000000f13e00000,0x0000000f13f00000)]
=>0x000001273a26a800 JavaThread "C2 CompilerThread0" daemon [_thread_in_native, id=25016, stack(0x0000000f13f00000,0x0000000f14000000)]
  0x000001273aa8e800 JavaThread "C2 CompilerThread1" daemon [_thread_in_native, id=13920, stack(0x0000000f14000000,0x0000000f14100000)]
  0x000001273aa8f000 JavaThread "C1 CompilerThread2" daemon [_thread_blocked, id=3032, stack(0x0000000f14100000,0x0000000f14200000)]
  0x000001273aa9a800 JavaThread "Sweeper thread" daemon [_thread_blocked, id=24808, stack(0x0000000f14200000,0x0000000f14300000)]
  0x000001273ac70000 JavaThread "Service Thread" daemon [_thread_blocked, id=2256, stack(0x0000000f14300000,0x0000000f14400000)]
  0x000001273ac75000 JavaThread "Common-Cleaner" daemon [_thread_blocked, id=21868, stack(0x0000000f14400000,0x0000000f14500000)]
  0x000001273b0dd000 JavaThread "QuantumRenderer-0" daemon [_thread_blocked, id=25476, stack(0x0000000f14600000,0x0000000f14700000)]
  0x000001273b2e1000 JavaThread "InvokeLaterDispatcher" daemon [_thread_blocked, id=25408, stack(0x0000000f14700000,0x0000000f14800000)]
  0x000001273b4b0000 JavaThread "JavaFX Application Thread" [_thread_in_vm, id=25572, stack(0x0000000f14800000,0x0000000f14900000)]
  0x000001273c068800 JavaThread "JavaFX-Launcher" [_thread_blocked, id=12712, stack(0x0000000f14e00000,0x0000000f14f00000)]
  0x000001273c096000 JavaThread "Thread-2" daemon [_thread_in_native, id=24604, stack(0x0000000f14d00000,0x0000000f14e00000)]
  0x000001273c379000 JavaThread "Java2D Disposer" daemon [_thread_blocked, id=24400, stack(0x0000000f14f00000,0x0000000f15000000)]

Other Threads:
  0x000001273a257800 VMThread "VM Thread" [stack: 0x0000000f13a00000,0x0000000f13b00000] [id=21376]
  0x000001273ac76000 WatcherThread [stack: 0x0000000f14500000,0x0000000f14600000] [id=18044]
  0x000001271c2da800 GCTaskThread "GC Thread#0" [stack: 0x0000000f12f00000,0x0000000f13000000] [id=24900]
  0x000001271c2db800 GCTaskThread "GC Thread#1" [stack: 0x0000000f13000000,0x0000000f13100000] [id=5340]
  0x000001271c2df800 GCTaskThread "GC Thread#2" [stack: 0x0000000f13100000,0x0000000f13200000] [id=24716]
  0x000001271c2e3000 GCTaskThread "GC Thread#3" [stack: 0x0000000f13200000,0x0000000f13300000] [id=24728]
  0x000001271c353000 ConcurrentGCThread "G1 Main Marker" [stack: 0x0000000f13300000,0x0000000f13400000] [id=24704]
  0x000001271c35a000 ConcurrentGCThread "G1 Conc#0" [stack: 0x0000000f13400000,0x0000000f13500000] [id=25460]
  0x000001273a0e1000 ConcurrentGCThread "G1 Refine#0" [stack: 0x0000000f13500000,0x0000000f13600000] [id=17368]
  0x000001273a0e3000 ConcurrentGCThread "G1 Refine#1" [stack: 0x0000000f13600000,0x0000000f13700000] [id=3896]
  0x000001273a0e7800 ConcurrentGCThread "G1 Refine#2" [stack: 0x0000000f13700000,0x0000000f13800000] [id=8096]
  0x000001273a0e9800 ConcurrentGCThread "G1 Refine#3" [stack: 0x0000000f13800000,0x0000000f13900000] [id=24564]
  0x000001273a0ec800 ConcurrentGCThread "G1 Young RemSet Sampling" [stack: 0x0000000f13900000,0x0000000f13a00000] [id=472]

Threads with active compile tasks:
C2 CompilerThread0 963   !   4       com.sun.javafx.css.ParsedValueImpl::readBinary (688 bytes)
C2 CompilerThread11228       4       jdk.internal.jimage.ImageLocation::decompress (153 bytes)

VM state:not at safepoint (normal execution)

VM Mutex/Monitor currently owned by a thread: None

Heap address: 0x0000000082400000, size: 2012 MB, Compressed Oops mode: 32-bit
Narrow klass base: 0x0000000000000000, Narrow klass shift: 3
Compressed class space size: 1073741824 Address: 0x0000000100000000

Heap:
 garbage-first heap   total 129024K, used 8998K [0x0000000082400000, 0x0000000100000000)
  region size 1024K, 8 young (8192K), 2 survivors (2048K)
 Metaspace       used 15170K, capacity 15680K, committed 16000K, reserved 1062912K
  class space    used 1916K, capacity 2147K, committed 2176K, reserved 1048576K
Heap Regions: E=young(eden), S=young(survivor), O=old, HS=humongous(starts), HC=humongous(continues), CS=collection set, F=free, A=archive, TS=gc time stamp, AC=allocation context, TAMS=top-at-mark-start (previous, next)
|   0|0x0000000082400000, 0x0000000082500000, 0x0000000082500000|100%| O|  |TS  1|AC  0|TAMS 0x0000000082400000, 0x0000000082400000|
|   1|0x0000000082500000, 0x00000000825c9a00, 0x0000000082600000| 78%| O|  |TS  1|AC  0|TAMS 0x0000000082500000, 0x0000000082500000|
|   2|0x0000000082600000, 0x0000000082600000, 0x0000000082700000|  0%| F|  |TS  0|AC  0|TAMS 0x0000000082600000, 0x0000000082600000|
|   3|0x0000000082700000, 0x0000000082700000, 0x0000000082800000|  0%| F|  |TS  0|AC  0|TAMS 0x0000000082700000, 0x0000000082700000|
|   4|0x0000000082800000, 0x0000000082800000, 0x0000000082900000|  0%| F|  |TS  0|AC  0|TAMS 0x0000000082800000, 0x0000000082800000|
|   5|0x0000000082900000, 0x0000000082900000, 0x0000000082a00000|  0%| F|  |TS  0|AC  0|TAMS 0x0000000082900000, 0x0000000082900000|
|   6|0x0000000082a00000, 0x0000000082a00000, 0x0000000082b00000|  0%| F|  |TS  0|AC  0|TAMS 0x0000000082a00000, 0x0000000082a00000|
|   7|0x0000000082b00000, 0x0000000082b00000, 0x0000000082c00000|  0%| F|  |TS  0|AC  0|TAMS 0x0000000082b00000, 0x0000000082b00000|
|   8|0x0000000082c00000, 0x0000000082c00000, 0x0000000082d00000|  0%| F|  |TS  0|AC  0|TAMS 0x0000000082c00000, 0x0000000082c00000|
|   9|0x0000000082d00000, 0x0000000082d00000, 0x0000000082e00000|  0%| F|  |TS  0|AC  0|TAMS 0x0000000082d00000, 0x0000000082d00000|
|  10|0x0000000082e00000, 0x0000000082e00000, 0x0000000082f00000|  0%| F|  |TS  0|AC  0|TAMS 0x0000000082e00000, 0x0000000082e00000|
|  11|0x0000000082f00000, 0x0000000082f00000, 0x0000000083000000|  0%| F|  |TS  0|AC  0|TAMS 0x0000000082f00000, 0x0000000082f00000|
|  12|0x0000000083000000, 0x0000000083000000, 0x0000000083100000|  0%| F|  |TS  0|AC  0|TAMS 0x0000000083000000, 0x0000000083000000|
|  13|0x0000000083100000, 0x0000000083100000, 0x0000000083200000|  0%| F|  |TS  0|AC  0|TAMS 0x0000000083100000, 0x0000000083100000|
|  14|0x0000000083200000, 0x0000000083200000, 0x0000000083300000|  0%| F|  |TS  0|AC  0|TAMS 0x0000000083200000, 0x0000000083200000|
|  15|0x0000000083300000, 0x0000000083300000, 0x0000000083400000|  0%| F|  |TS  0|AC  0|TAMS 0x0000000083300000, 0x0000000083300000|
|  16|0x0000000083400000, 0x0000000083400000, 0x0000000083500000|  0%| F|  |TS  0|AC  0|TAMS 0x0000000083400000, 0x0000000083400000|
|  17|0x0000000083500000, 0x0000000083500000, 0x0000000083600000|  0%| F|  |TS  0|AC  0|TAMS 0x0000000083500000, 0x0000000083500000|
|  18|0x0000000083600000, 0x0000000083600000, 0x0000000083700000|  0%| F|  |TS  0|AC  0|TAMS 0x0000000083600000, 0x0000000083600000|
|  19|0x0000000083700000, 0x0000000083700000, 0x0000000083800000|  0%| F|  |TS  0|AC  0|TAMS 0x0000000083700000, 0x0000000083700000|
|  20|0x0000000083800000, 0x0000000083800000, 0x0000000083900000|  0%| F|  |TS  0|AC  0|TAMS 0x0000000083800000, 0x0000000083800000|
|  21|0x0000000083900000, 0x0000000083900000, 0x0000000083a00000|  0%| F|  |TS  0|AC  0|TAMS 0x0000000083900000, 0x0000000083900000|
|  22|0x0000000083a00000, 0x0000000083a00000, 0x0000000083b00000|  0%| F|  |TS  0|AC  0|TAMS 0x0000000083a00000, 0x0000000083a00000|
|  23|0x0000000083b00000, 0x0000000083b00000, 0x0000000083c00000|  0%| F|  |TS  0|AC  0|TAMS 0x0000000083b00000, 0x0000000083b00000|
|  24|0x0000000083c00000, 0x0000000083c00000, 0x0000000083d00000|  0%| F|  |TS  0|AC  0|TAMS 0x0000000083c00000, 0x0000000083c00000|
|  25|0x0000000083d00000, 0x0000000083d00000, 0x0000000083e00000|  0%| F|  |TS  0|AC  0|TAMS 0x0000000083d00000, 0x0000000083d00000|
|  26|0x0000000083e00000, 0x0000000083e00000, 0x0000000083f00000|  0%| F|  |TS  0|AC  0|TAMS 0x0000000083e00000, 0x0000000083e00000|
|  27|0x0000000083f00000, 0x0000000083f00000, 0x0000000084000000|  0%| F|  |TS  0|AC  0|TAMS 0x0000000083f00000, 0x0000000083f00000|
|  28|0x0000000084000000, 0x0000000084000000, 0x0000000084100000|  0%| F|  |TS  0|AC  0|TAMS 0x0000000084000000, 0x0000000084000000|
|  29|0x0000000084100000, 0x0000000084100000, 0x0000000084200000|  0%| F|  |TS  0|AC  0|TAMS 0x0000000084100000, 0x0000000084100000|
|  30|0x0000000084200000, 0x0000000084200000, 0x0000000084300000|  0%| F|  |TS  0|AC  0|TAMS 0x0000000084200000, 0x0000000084200000|
|  31|0x0000000084300000, 0x0000000084300000, 0x0000000084400000|  0%| F|  |TS  0|AC  0|TAMS 0x0000000084300000, 0x0000000084300000|
|  32|0x0000000084400000, 0x0000000084400000, 0x0000000084500000|  0%| F|  |TS  0|AC  0|TAMS 0x0000000084400000, 0x0000000084400000|
|  33|0x0000000084500000, 0x0000000084500000, 0x0000000084600000|  0%| F|  |TS  0|AC  0|TAMS 0x0000000084500000, 0x0000000084500000|
|  34|0x0000000084600000, 0x0000000084600000, 0x0000000084700000|  0%| F|  |TS  0|AC  0|TAMS 0x0000000084600000, 0x0000000084600000|
|  35|0x0000000084700000, 0x0000000084700000, 0x0000000084800000|  0%| F|  |TS  0|AC  0|TAMS 0x0000000084700000, 0x0000000084700000|
|  36|0x0000000084800000, 0x0000000084800000, 0x0000000084900000|  0%| F|  |TS  0|AC  0|TAMS 0x0000000084800000, 0x0000000084800000|
|  37|0x0000000084900000, 0x0000000084900000, 0x0000000084a00000|  0%| F|  |TS  0|AC  0|TAMS 0x0000000084900000, 0x0000000084900000|
|  38|0x0000000084a00000, 0x0000000084a00000, 0x0000000084b00000|  0%| F|  |TS  0|AC  0|TAMS 0x0000000084a00000, 0x0000000084a00000|
|  39|0x0000000084b00000, 0x0000000084b00000, 0x0000000084c00000|  0%| F|  |TS  0|AC  0|TAMS 0x0000000084b00000, 0x0000000084b00000|
|  40|0x0000000084c00000, 0x0000000084c00000, 0x0000000084d00000|  0%| F|  |TS  0|AC  0|TAMS 0x0000000084c00000, 0x0000000084c00000|
|  41|0x0000000084d00000, 0x0000000084d00000, 0x0000000084e00000|  0%| F|  |TS  0|AC  0|TAMS 0x0000000084d00000, 0x0000000084d00000|
|  42|0x0000000084e00000, 0x0000000084e00000, 0x0000000084f00000|  0%| F|  |TS  0|AC  0|TAMS 0x0000000084e00000, 0x0000000084e00000|
|  43|0x0000000084f00000, 0x0000000084f00000, 0x0000000085000000|  0%| F|  |TS  0|AC  0|TAMS 0x0000000084f00000, 0x0000000084f00000|
|  44|0x0000000085000000, 0x0000000085000000, 0x0000000085100000|  0%| F|  |TS  0|AC  0|TAMS 0x0000000085000000, 0x0000000085000000|
|  45|0x0000000085100000, 0x0000000085100000, 0x0000000085200000|  0%| F|  |TS  0|AC  0|TAMS 0x0000000085100000, 0x0000000085100000|
|  46|0x0000000085200000, 0x0000000085200000, 0x0000000085300000|  0%| F|  |TS  0|AC  0|TAMS 0x0000000085200000, 0x0000000085200000|
|  47|0x0000000085300000, 0x0000000085300000, 0x0000000085400000|  0%| F|  |TS  0|AC  0|TAMS 0x0000000085300000, 0x0000000085300000|
|  48|0x0000000085400000, 0x0000000085400000, 0x0000000085500000|  0%| F|  |TS  0|AC  0|TAMS 0x0000000085400000, 0x0000000085400000|
|  49|0x0000000085500000, 0x0000000085500000, 0x0000000085600000|  0%| F|  |TS  0|AC  0|TAMS 0x0000000085500000, 0x0000000085500000|
|  50|0x0000000085600000, 0x0000000085600000, 0x0000000085700000|  0%| F|  |TS  0|AC  0|TAMS 0x0000000085600000, 0x0000000085600000|
|  51|0x0000000085700000, 0x0000000085700000, 0x0000000085800000|  0%| F|  |TS  0|AC  0|TAMS 0x0000000085700000, 0x0000000085700000|
|  52|0x0000000085800000, 0x0000000085800000, 0x0000000085900000|  0%| F|  |TS  0|AC  0|TAMS 0x0000000085800000, 0x0000000085800000|
|  53|0x0000000085900000, 0x0000000085900000, 0x0000000085a00000|  0%| F|  |TS  0|AC  0|TAMS 0x0000000085900000, 0x0000000085900000|
|  54|0x0000000085a00000, 0x0000000085a00000, 0x0000000085b00000|  0%| F|  |TS  0|AC  0|TAMS 0x0000000085a00000, 0x0000000085a00000|
|  55|0x0000000085b00000, 0x0000000085b00000, 0x0000000085c00000|  0%| F|  |TS  0|AC  0|TAMS 0x0000000085b00000, 0x0000000085b00000|
|  56|0x0000000085c00000, 0x0000000085c00000, 0x0000000085d00000|  0%| F|  |TS  0|AC  0|TAMS 0x0000000085c00000, 0x0000000085c00000|
|  57|0x0000000085d00000, 0x0000000085d00000, 0x0000000085e00000|  0%| F|  |TS  0|AC  0|TAMS 0x0000000085d00000, 0x0000000085d00000|
|  58|0x0000000085e00000, 0x0000000085e00000, 0x0000000085f00000|  0%| F|  |TS  0|AC  0|TAMS 0x0000000085e00000, 0x0000000085e00000|
|  59|0x0000000085f00000, 0x0000000085f00000, 0x0000000086000000|  0%| F|  |TS  0|AC  0|TAMS 0x0000000085f00000, 0x0000000085f00000|
|  60|0x0000000086000000, 0x0000000086000000, 0x0000000086100000|  0%| F|  |TS  0|AC  0|TAMS 0x0000000086000000, 0x0000000086000000|
|  61|0x0000000086100000, 0x0000000086100000, 0x0000000086200000|  0%| F|  |TS  0|AC  0|TAMS 0x0000000086100000, 0x0000000086100000|
|  62|0x0000000086200000, 0x0000000086200000, 0x0000000086300000|  0%| F|  |TS  0|AC  0|TAMS 0x0000000086200000, 0x0000000086200000|
|  63|0x0000000086300000, 0x0000000086300000, 0x0000000086400000|  0%| F|  |TS  0|AC  0|TAMS 0x0000000086300000, 0x0000000086300000|
|  64|0x0000000086400000, 0x0000000086400000, 0x0000000086500000|  0%| F|  |TS  0|AC  0|TAMS 0x0000000086400000, 0x0000000086400000|
|  65|0x0000000086500000, 0x0000000086500000, 0x0000000086600000|  0%| F|  |TS  0|AC  0|TAMS 0x0000000086500000, 0x0000000086500000|
|  66|0x0000000086600000, 0x0000000086600000, 0x0000000086700000|  0%| F|  |TS  0|AC  0|TAMS 0x0000000086600000, 0x0000000086600000|
|  67|0x0000000086700000, 0x0000000086700000, 0x0000000086800000|  0%| F|  |TS  0|AC  0|TAMS 0x0000000086700000, 0x0000000086700000|
|  68|0x0000000086800000, 0x0000000086800000, 0x0000000086900000|  0%| F|  |TS  0|AC  0|TAMS 0x0000000086800000, 0x0000000086800000|
|  69|0x0000000086900000, 0x0000000086900000, 0x0000000086a00000|  0%| F|  |TS  0|AC  0|TAMS 0x0000000086900000, 0x0000000086900000|
|  70|0x0000000086a00000, 0x0000000086a00000, 0x0000000086b00000|  0%| F|  |TS  0|AC  0|TAMS 0x0000000086a00000, 0x0000000086a00000|
|  71|0x0000000086b00000, 0x0000000086b00000, 0x0000000086c00000|  0%| F|  |TS  0|AC  0|TAMS 0x0000000086b00000, 0x0000000086b00000|
|  72|0x0000000086c00000, 0x0000000086c00000, 0x0000000086d00000|  0%| F|  |TS  0|AC  0|TAMS 0x0000000086c00000, 0x0000000086c00000|
|  73|0x0000000086d00000, 0x0000000086d00000, 0x0000000086e00000|  0%| F|  |TS  0|AC  0|TAMS 0x0000000086d00000, 0x0000000086d00000|
|  74|0x0000000086e00000, 0x0000000086e00000, 0x0000000086f00000|  0%| F|  |TS  0|AC  0|TAMS 0x0000000086e00000, 0x0000000086e00000|
|  75|0x0000000086f00000, 0x0000000086f00000, 0x0000000087000000|  0%| F|  |TS  0|AC  0|TAMS 0x0000000086f00000, 0x0000000086f00000|
|  76|0x0000000087000000, 0x0000000087000000, 0x0000000087100000|  0%| F|  |TS  0|AC  0|TAMS 0x0000000087000000, 0x0000000087000000|
|  77|0x0000000087100000, 0x0000000087100000, 0x0000000087200000|  0%| F|  |TS  0|AC  0|TAMS 0x0000000087100000, 0x0000000087100000|
|  78|0x0000000087200000, 0x0000000087200000, 0x0000000087300000|  0%| F|  |TS  0|AC  0|TAMS 0x0000000087200000, 0x0000000087200000|
|  79|0x0000000087300000, 0x0000000087300000, 0x0000000087400000|  0%| F|  |TS  0|AC  0|TAMS 0x0000000087300000, 0x0000000087300000|
|  80|0x0000000087400000, 0x0000000087400000, 0x0000000087500000|  0%| F|  |TS  0|AC  0|TAMS 0x0000000087400000, 0x0000000087400000|
|  81|0x0000000087500000, 0x0000000087500000, 0x0000000087600000|  0%| F|  |TS  0|AC  0|TAMS 0x0000000087500000, 0x0000000087500000|
|  82|0x0000000087600000, 0x0000000087600000, 0x0000000087700000|  0%| F|  |TS  0|AC  0|TAMS 0x0000000087600000, 0x0000000087600000|
|  83|0x0000000087700000, 0x0000000087700000, 0x0000000087800000|  0%| F|  |TS  0|AC  0|TAMS 0x0000000087700000, 0x0000000087700000|
|  84|0x0000000087800000, 0x0000000087800000, 0x0000000087900000|  0%| F|  |TS  0|AC  0|TAMS 0x0000000087800000, 0x0000000087800000|
|  85|0x0000000087900000, 0x0000000087900000, 0x0000000087a00000|  0%| F|  |TS  0|AC  0|TAMS 0x0000000087900000, 0x0000000087900000|
|  86|0x0000000087a00000, 0x0000000087a00000, 0x0000000087b00000|  0%| F|  |TS  0|AC  0|TAMS 0x0000000087a00000, 0x0000000087a00000|
|  87|0x0000000087b00000, 0x0000000087b00000, 0x0000000087c00000|  0%| F|  |TS  0|AC  0|TAMS 0x0000000087b00000, 0x0000000087b00000|
|  88|0x0000000087c00000, 0x0000000087c00000, 0x0000000087d00000|  0%| F|  |TS  0|AC  0|TAMS 0x0000000087c00000, 0x0000000087c00000|
|  89|0x0000000087d00000, 0x0000000087d00000, 0x0000000087e00000|  0%| F|  |TS  0|AC  0|TAMS 0x0000000087d00000, 0x0000000087d00000|
|  90|0x0000000087e00000, 0x0000000087e00000, 0x0000000087f00000|  0%| F|  |TS  0|AC  0|TAMS 0x0000000087e00000, 0x0000000087e00000|
|  91|0x0000000087f00000, 0x0000000087f00000, 0x0000000088000000|  0%| F|  |TS  0|AC  0|TAMS 0x0000000087f00000, 0x0000000087f00000|
|  92|0x0000000088000000, 0x0000000088000000, 0x0000000088100000|  0%| F|  |TS  0|AC  0|TAMS 0x0000000088000000, 0x0000000088000000|
|  93|0x0000000088100000, 0x0000000088100000, 0x0000000088200000|  0%| F|  |TS  0|AC  0|TAMS 0x0000000088100000, 0x0000000088100000|
|  94|0x0000000088200000, 0x0000000088200000, 0x0000000088300000|  0%| F|  |TS  0|AC  0|TAMS 0x0000000088200000, 0x0000000088200000|
|  95|0x0000000088300000, 0x0000000088300000, 0x0000000088400000|  0%| F|  |TS  0|AC  0|TAMS 0x0000000088300000, 0x0000000088300000|
|  96|0x0000000088400000, 0x0000000088400000, 0x0000000088500000|  0%| F|  |TS  0|AC  0|TAMS 0x0000000088400000, 0x0000000088400000|
|  97|0x0000000088500000, 0x0000000088500000, 0x0000000088600000|  0%| F|  |TS  0|AC  0|TAMS 0x0000000088500000, 0x0000000088500000|
|  98|0x0000000088600000, 0x0000000088600000, 0x0000000088700000|  0%| F|  |TS  0|AC  0|TAMS 0x0000000088600000, 0x0000000088600000|
|  99|0x0000000088700000, 0x0000000088700000, 0x0000000088800000|  0%| F|  |TS  0|AC  0|TAMS 0x0000000088700000, 0x0000000088700000|
| 100|0x0000000088800000, 0x0000000088800000, 0x0000000088900000|  0%| F|  |TS  0|AC  0|TAMS 0x0000000088800000, 0x0000000088800000|
| 101|0x0000000088900000, 0x0000000088900000, 0x0000000088a00000|  0%| F|  |TS  0|AC  0|TAMS 0x0000000088900000, 0x0000000088900000|
| 102|0x0000000088a00000, 0x0000000088a00000, 0x0000000088b00000|  0%| F|  |TS  0|AC  0|TAMS 0x0000000088a00000, 0x0000000088a00000|
| 103|0x0000000088b00000, 0x0000000088b00000, 0x0000000088c00000|  0%| F|  |TS  0|AC  0|TAMS 0x0000000088b00000, 0x0000000088b00000|
| 104|0x0000000088c00000, 0x0000000088c00000, 0x0000000088d00000|  0%| F|  |TS  0|AC  0|TAMS 0x0000000088c00000, 0x0000000088c00000|
| 105|0x0000000088d00000, 0x0000000088d00000, 0x0000000088e00000|  0%| F|  |TS  0|AC  0|TAMS 0x0000000088d00000, 0x0000000088d00000|
| 106|0x0000000088e00000, 0x0000000088e00000, 0x0000000088f00000|  0%| F|  |TS  0|AC  0|TAMS 0x0000000088e00000, 0x0000000088e00000|
| 107|0x0000000088f00000, 0x0000000088f00000, 0x0000000089000000|  0%| F|  |TS  0|AC  0|TAMS 0x0000000088f00000, 0x0000000088f00000|
| 108|0x0000000089000000, 0x0000000089000000, 0x0000000089100000|  0%| F|  |TS  0|AC  0|TAMS 0x0000000089000000, 0x0000000089000000|
| 109|0x0000000089100000, 0x0000000089100000, 0x0000000089200000|  0%| F|  |TS  0|AC  0|TAMS 0x0000000089100000, 0x0000000089100000|
| 110|0x0000000089200000, 0x0000000089300000, 0x0000000089300000|100%| S|CS|TS  1|AC  0|TAMS 0x0000000089200000, 0x0000000089200000|
| 111|0x0000000089300000, 0x0000000089400000, 0x0000000089400000|100%| S|CS|TS  1|AC  0|TAMS 0x0000000089300000, 0x0000000089300000|
| 112|0x0000000089400000, 0x0000000089400000, 0x0000000089500000|  0%| F|  |TS  1|AC  0|TAMS 0x0000000089400000, 0x0000000089400000|
| 113|0x0000000089500000, 0x0000000089500000, 0x0000000089600000|  0%| F|  |TS  1|AC  0|TAMS 0x0000000089500000, 0x0000000089500000|
| 114|0x0000000089600000, 0x0000000089600000, 0x0000000089700000|  0%| F|  |TS  1|AC  0|TAMS 0x0000000089600000, 0x0000000089600000|
| 115|0x0000000089700000, 0x0000000089700000, 0x0000000089800000|  0%| F|  |TS  1|AC  0|TAMS 0x0000000089700000, 0x0000000089700000|
| 116|0x0000000089800000, 0x0000000089800000, 0x0000000089900000|  0%| F|  |TS  1|AC  0|TAMS 0x0000000089800000, 0x0000000089800000|
| 117|0x0000000089900000, 0x0000000089900000, 0x0000000089a00000|  0%| F|  |TS  1|AC  0|TAMS 0x0000000089900000, 0x0000000089900000|
| 118|0x0000000089a00000, 0x0000000089a00000, 0x0000000089b00000|  0%| F|  |TS  1|AC  0|TAMS 0x0000000089a00000, 0x0000000089a00000|
| 119|0x0000000089b00000, 0x0000000089b00000, 0x0000000089c00000|  0%| F|  |TS  1|AC  0|TAMS 0x0000000089b00000, 0x0000000089b00000|
| 120|0x0000000089c00000, 0x0000000089d00000, 0x0000000089d00000|100%| E|  |TS  1|AC  0|TAMS 0x0000000089c00000, 0x0000000089c00000|
| 121|0x0000000089d00000, 0x0000000089e00000, 0x0000000089e00000|100%| E|CS|TS  1|AC  0|TAMS 0x0000000089d00000, 0x0000000089d00000|
| 122|0x0000000089e00000, 0x0000000089f00000, 0x0000000089f00000|100%| E|CS|TS  1|AC  0|TAMS 0x0000000089e00000, 0x0000000089e00000|
| 123|0x0000000089f00000, 0x000000008a000000, 0x000000008a000000|100%| E|CS|TS  1|AC  0|TAMS 0x0000000089f00000, 0x0000000089f00000|
| 124|0x000000008a000000, 0x000000008a100000, 0x000000008a100000|100%| E|CS|TS  1|AC  0|TAMS 0x000000008a000000, 0x000000008a000000|
| 125|0x000000008a100000, 0x000000008a200000, 0x000000008a200000|100%| E|CS|TS  1|AC  0|TAMS 0x000000008a100000, 0x000000008a100000|

Card table byte_map: [0x00000127334f0000,0x00000127338e0000] byte_map_base: 0x00000127330de000

Marking Bits (Prev, Next): (CMBitMap*) 0x000001271c352310, (CMBitMap*) 0x000001271c352348
 Prev Bits: [0x0000012733cd0000, 0x0000012735c40000)
 Next Bits: [0x0000012735c40000, 0x0000012737bb0000)

Polling page: 0x000001271c1f0000

CodeHeap 'non-profiled nmethods': size=120064Kb used=480Kb max_used=480Kb free=119583Kb
 bounds [0x000001272b590000, 0x000001272b800000, 0x0000012732ad0000]
CodeHeap 'profiled nmethods': size=120000Kb used=2200Kb max_used=2200Kb free=117799Kb
 bounds [0x0000012724060000, 0x00000127242d0000, 0x000001272b590000]
CodeHeap 'non-nmethods': size=5696Kb used=1207Kb max_used=1219Kb free=4488Kb
 bounds [0x0000012723ad0000, 0x0000012723d40000, 0x0000012724060000]
 total_blobs=2090 nmethods=1226 adapters=486
 compilation: enabled

Compilation events (10 events):
Event: 0.608 Thread 0x000001273aa8f000 1142       3       java.lang.invoke.MethodHandles$Lookup::checkSecurityManager (104 bytes)
Event: 0.608 Thread 0x000001273aa8f000 nmethod 1142 0x0000012724251e90 code [0x00000127242521a0, 0x0000012724253210]
Event: 0.608 Thread 0x000001273aa8f000 1143       3       java.lang.invoke.DirectMethodHandle::preparedLambdaForm (230 bytes)
Event: 0.609 Thread 0x000001273aa8f000 nmethod 1143 0x0000012724253790 code [0x0000012724253a60, 0x0000012724254440]
Event: 0.609 Thread 0x000001273aa8f000 1145       3       java.lang.invoke.InvokerBytecodeGenerator::emitReturnInsn (127 bytes)
Event: 0.610 Thread 0x000001273aa8f000 nmethod 1145 0x0000012724254910 code [0x0000012724254bc0, 0x00000127242557f0]
Event: 0.611 Thread 0x000001273aa8f000 1147       3       sun.invoke.util.VerifyAccess::isMemberAccessible (261 bytes)
Event: 0.612 Thread 0x000001273aa8f000 nmethod 1147 0x0000012724255c10 code [0x0000012724255f80, 0x0000012724257320]
Event: 0.614 Thread 0x000001273aa8f000 1148       3       java.lang.Short::<init> (10 bytes)
Event: 0.614 Thread 0x000001273aa8f000 nmethod 1148 0x0000012724257910 code [0x0000012724257ac0, 0x0000012724257cd8]

GC Heap History (2 events):
Event: 0.491 GC heap before
{Heap before GC invocations=0 (full 0):
 garbage-first heap   total 129024K, used 14336K [0x0000000082400000, 0x0000000100000000)
  region size 1024K, 14 young (14336K), 0 survivors (0K)
 Metaspace       used 12639K, capacity 12930K, committed 13184K, reserved 1060864K
  class space    used 1479K, capacity 1633K, committed 1664K, reserved 1048576K
}
Event: 0.496 GC heap after
{Heap after GC invocations=1 (full 0):
 garbage-first heap   total 129024K, used 3878K [0x0000000082400000, 0x0000000100000000)
  region size 1024K, 2 young (2048K), 2 survivors (2048K)
 Metaspace       used 12639K, capacity 12930K, committed 13184K, reserved 1060864K
  class space    used 1479K, capacity 1633K, committed 1664K, reserved 1048576K
}

Deoptimization events (10 events):
Event: 0.555 Thread 0x000001273b4b0000 Uncommon trap: reason=unstable_if action=reinterpret pc=0x000001272b5a6fa4 method=java.lang.String.equals(Ljava/lang/Object;)Z @ 27 c2
Event: 0.561 Thread 0x000001273b4b0000 Uncommon trap: reason=unstable_if action=reinterpret pc=0x000001272b59ce7c method=java.nio.Buffer.hasRemaining()Z @ 8 c2
Event: 0.578 Thread 0x000001273b4b0000 Uncommon trap: reason=unstable_if action=reinterpret pc=0x000001272b5c2d8c method=java.lang.StringUTF16.compress([CI[BII)I @ 20 c2
Event: 0.578 Thread 0x000001273b4b0000 Uncommon trap: reason=unstable_if action=reinterpret pc=0x000001272b5b716c method=java.lang.String.getBytes([BIB)V @ 5 c2
Event: 0.612 Thread 0x000001273b4b0000 Uncommon trap: reason=unstable_if action=reinterpret pc=0x000001272b5f4338 method=java.lang.invoke.InvokerBytecodeGenerator.isStaticallyNameable(Ljava/lang/Class;)Z @ 12 c2
Event: 0.612 Thread 0x000001273b4b0000 Uncommon trap: reason=unstable_if action=reinterpret pc=0x000001272b5cbfac method=jdk.internal.org.objectweb.asm.Frame.execute(IILjdk/internal/org/objectweb/asm/ClassWriter;Ljdk/internal/org/objectweb/asm/Item;)V @ 2220 c2
Event: 0.614 Thread 0x000001273b4b0000 Uncommon trap: reason=bimorphic_or_optimized_type_check action=maybe_recompile pc=0x000001272b5ec324 method=java.util.HashMap.getNode(ILjava/lang/Object;)Ljava/util/HashMap$Node; @ 126 c2
Event: 0.614 Thread 0x000001273b4b0000 Uncommon trap: reason=bimorphic_or_optimized_type_check action=maybe_recompile pc=0x000001272b5ec254 method=java.util.HashMap.getNode(ILjava/lang/Object;)Ljava/util/HashMap$Node; @ 59 c2
Event: 0.614 Thread 0x000001273b4b0000 Uncommon trap: reason=bimorphic_or_optimized_type_check action=maybe_recompile pc=0x000001272b5ec324 method=java.util.HashMap.getNode(ILjava/lang/Object;)Ljava/util/HashMap$Node; @ 126 c2
Event: 0.614 Thread 0x000001273b4b0000 Uncommon trap: reason=bimorphic_or_optimized_type_check action=maybe_recompile pc=0x000001272b5ec254 method=java.util.HashMap.getNode(ILjava/lang/Object;)Ljava/util/HashMap$Node; @ 59 c2

Classes redefined (0 events):
No events

Internal exceptions (10 events):
Event: 0.402 Thread 0x000001273b4b0000 Exception <a 'java/lang/NoSuchMethodError'{0x000000008985b7f8}: java.lang.invoke.DirectMethodHandle$Holder.invokeStaticInit(Ljava/lang/Object;Ljava/lang/Object;Ljava/lang/Object;Ljava/lang/Object;)Ljava/lang/Object;> (0x000000008985b7f8) thrown at [t:/wor
Event: 0.403 Thread 0x000001273b4b0000 Exception <a 'java/lang/NullPointerException'{0x00000000898643d0}> (0x00000000898643d0) thrown at [t:/workspace/open/src/hotspot/share/interpreter/linkResolver.cpp, line 1324]
Event: 0.403 Thread 0x000001273b4b0000 Exception <a 'java/lang/NullPointerException'{0x00000000898643d0}> (0x00000000898643d0) thrown at [t:/workspace/open/src/hotspot/share/prims/jvm.cpp, line 1349]
Event: 0.404 Thread 0x000001273b4b0000 Exception <a 'java/lang/NoSuchMethodError'{0x000000008986d748}: java.lang.invoke.DirectMethodHandle$Holder.invokeSpecial(Ljava/lang/Object;Ljava/lang/Object;Ljava/lang/Object;Ljava/lang/Object;Ljava/lang/Object;)V> (0x000000008986d748) thrown at [t:/works
Event: 0.418 Thread 0x000001273b4b0000 Exception <a 'java/lang/NoSuchMethodError'{0x0000000089746360}: java.lang.invoke.DelegatingMethodHandle$Holder.reinvoke_L(Ljava/lang/Object;Ljava/lang/Object;ILjava/lang/Object;)Ljava/lang/Object;> (0x0000000089746360) thrown at [t:/workspace/open/src/hot
Event: 0.500 Thread 0x000001273b4b0000 Exception <a 'java/lang/NoSuchMethodError'{0x000000008a13ca20}: java.lang.invoke.DirectMethodHandle$Holder.invokeStaticInit(Ljava/lang/Object;Ljava/lang/Object;)V> (0x000000008a13ca20) thrown at [t:/workspace/open/src/hotspot/share/interpreter/linkResolve
Event: 0.602 Thread 0x000001273b4b0000 Exception <a 'java/lang/NoSuchMethodError'{0x0000000089edd5b0}: java.lang.invoke.DirectMethodHandle$Holder.invokeSpecial(Ljava/lang/Object;Ljava/lang/Object;Ljava/lang/Object;Ljava/lang/Object;)V> (0x0000000089edd5b0) thrown at [t:/workspace/open/src/hots
Event: 0.608 Thread 0x000001273b4b0000 Exception <a 'java/lang/NoSuchMethodError'{0x0000000089efa390}: java.lang.invoke.DirectMethodHandle$Holder.invokeInterface(Ljava/lang/Object;Ljava/lang/Object;Ljava/lang/Object;)I> (0x0000000089efa390) thrown at [t:/workspace/open/src/hotspot/share/interp
Event: 0.610 Thread 0x000001273b4b0000 Exception <a 'java/lang/NoSuchMethodError'{0x0000000089d06108}: java.lang.invoke.DirectMethodHandle$Holder.invokeStatic(Ljava/lang/Object;Ljava/lang/Object;)I> (0x0000000089d06108) thrown at [t:/workspace/open/src/hotspot/share/interpreter/linkResolver.cp
Event: 0.612 Thread 0x000001273b4b0000 Exception <a 'java/lang/NoSuchMethodError'{0x0000000089d133a0}: java.lang.Object.of([Ljava/lang/Object;)Ljava/util/stream/Stream;> (0x0000000089d133a0) thrown at [t:/workspace/open/src/hotspot/share/interpreter/linkResolver.cpp, line 741]

Events (10 events):
Event: 0.614 Thread 0x000001273b4b0000 DEOPT PACKING pc=0x000001272b5ec254 sp=0x0000000f148f9fb0
Event: 0.614 Thread 0x000001273b4b0000 DEOPT UNPACKING pc=0x0000012723af8a2f sp=0x0000000f148f9ec8 mode 2
Event: 0.614 Thread 0x000001273b4b0000 Uncommon trap: trap_request=0xffffffc6 fr.pc=0x000001272b5ec324 relative=0x00000000000006a4
Event: 0.614 Thread 0x000001273b4b0000 DEOPT PACKING pc=0x000001272b5ec324 sp=0x0000000f148f9f40
Event: 0.614 Thread 0x000001273b4b0000 DEOPT UNPACKING pc=0x0000012723af8a2f sp=0x0000000f148f9e58 mode 2
Event: 0.614 loading class java/lang/reflect/ProxyGenerator$ExceptionTableEntry
Event: 0.614 loading class java/lang/reflect/ProxyGenerator$ExceptionTableEntry done
Event: 0.614 Thread 0x000001273b4b0000 Uncommon trap: trap_request=0xffffffc6 fr.pc=0x000001272b5ec254 relative=0x00000000000005d4
Event: 0.614 Thread 0x000001273b4b0000 DEOPT PACKING pc=0x000001272b5ec254 sp=0x0000000f148fa010
Event: 0.614 Thread 0x000001273b4b0000 DEOPT UNPACKING pc=0x0000012723af8a2f sp=0x0000000f148f9f28 mode 2


Dynamic libraries:
0x00007ff6bd660000 - 0x00007ff6bd69e000 	C:\Program Files\Java\jre-10.0.2\bin\javaw.exe
0x00007fff17050000 - 0x00007fff17231000 	C:\Windows\SYSTEM32\ntdll.dll
0x00007fff16f00000 - 0x00007fff16fb2000 	C:\Windows\System32\KERNEL32.DLL
0x00007fff139b0000 - 0x00007fff13c23000 	C:\Windows\System32\KERNELBASE.dll
0x00007fff15a10000 - 0x00007fff15ab1000 	C:\Windows\System32\ADVAPI32.dll
0x00007fff153d0000 - 0x00007fff1546e000 	C:\Windows\System32\msvcrt.dll
0x00007fff14e40000 - 0x00007fff14e9b000 	C:\Windows\System32\sechost.dll
0x00007fff152a0000 - 0x00007fff153c4000 	C:\Windows\System32\RPCRT4.dll
0x00007fff14670000 - 0x00007fff14800000 	C:\Windows\System32\USER32.dll
0x00007fff136f0000 - 0x00007fff13710000 	C:\Windows\System32\win32u.dll
0x00007fff15020000 - 0x00007fff15048000 	C:\Windows\System32\GDI32.dll
0x00007fff13c30000 - 0x00007fff13dc2000 	C:\Windows\System32\gdi32full.dll
0x00007fff13650000 - 0x00007fff136ef000 	C:\Windows\System32\msvcp_win.dll
0x00007fff134d0000 - 0x00007fff135ca000 	C:\Windows\System32\ucrtbase.dll
0x00007fff0bc70000 - 0x00007fff0bc7a000 	C:\Windows\SYSTEM32\VERSION.dll
0x00007fff06c30000 - 0x00007fff06e99000 	C:\Windows\WinSxS\amd64_microsoft.windows.common-controls_6595b64144ccf1df_6.0.17134.228_none_fb4599993062b194\COMCTL32.dll
0x00007fff155d0000 - 0x00007fff158f3000 	C:\Windows\System32\combase.dll
0x00007fff135d0000 - 0x00007fff1364a000 	C:\Windows\System32\bcryptPrimitives.dll
0x00007fff14800000 - 0x00007fff1482d000 	C:\Windows\System32\IMM32.DLL
0x00007ffefd7e0000 - 0x00007ffefd88a000 	C:\Program Files\RDT Global\HDGUARD\HDhks64.dll
0x00007fff154d0000 - 0x00007fff1553c000 	C:\Windows\System32\WS2_32.dll
0x00007fff0e550000 - 0x00007fff0e55c000 	C:\Windows\SYSTEM32\Secur32.dll
0x00007fff13290000 - 0x00007fff132c0000 	C:\Windows\SYSTEM32\SSPICLI.DLL
0x00007fff12d50000 - 0x00007fff12d5b000 	C:\Windows\SYSTEM32\CRYPTBASE.DLL
0x00007fff12420000 - 0x00007fff12451000 	C:\Windows\SYSTEM32\ntmarta.dll
0x00007ffedf8e0000 - 0x00007ffedf9cf000 	C:\Program Files\Java\jre-10.0.2\bin\msvcr120.dll
0x00007ffef5780000 - 0x00007ffef5826000 	C:\Program Files\Java\jre-10.0.2\bin\msvcp120.dll
0x0000000062d90000 - 0x0000000063800000 	C:\Program Files\Java\jre-10.0.2\bin\server\jvm.dll
0x00007fff15960000 - 0x00007fff15968000 	C:\Windows\System32\PSAPI.DLL
0x00007fff03830000 - 0x00007fff03839000 	C:\Windows\SYSTEM32\WSOCK32.dll
0x00007fff0f9c0000 - 0x00007fff0f9e3000 	C:\Windows\SYSTEM32\WINMM.dll
0x00007fff0f990000 - 0x00007fff0f9ba000 	C:\Windows\SYSTEM32\WINMMBASE.dll
0x00007fff13420000 - 0x00007fff13469000 	C:\Windows\System32\cfgmgr32.dll
0x00007fff04580000 - 0x00007fff0458f000 	C:\Program Files\Java\jre-10.0.2\bin\verify.dll
0x00007fff0b940000 - 0x00007fff0bb09000 	C:\Windows\SYSTEM32\DBGHELP.DLL
0x00007fff0b820000 - 0x00007fff0b849000 	C:\Windows\SYSTEM32\dbgcore.DLL
0x00007ffefb890000 - 0x00007ffefb8b7000 	C:\Program Files\Java\jre-10.0.2\bin\java.dll
0x00007fff04560000 - 0x00007fff04576000 	C:\Program Files\Java\jre-10.0.2\bin\zip.dll
0x00007ffefb880000 - 0x00007ffefb88a000 	C:\Program Files\Java\jre-10.0.2\bin\jimage.dll
0x00007fff15ac0000 - 0x00007fff16f00000 	C:\Windows\System32\SHELL32.dll
0x00007fff151f0000 - 0x00007fff15299000 	C:\Windows\System32\shcore.dll
0x00007fff13dd0000 - 0x00007fff144dd000 	C:\Windows\System32\windows.storage.dll
0x00007fff15470000 - 0x00007fff154c1000 	C:\Windows\System32\shlwapi.dll
0x00007fff13370000 - 0x00007fff13381000 	C:\Windows\System32\kernel.appcore.dll
0x00007fff13400000 - 0x00007fff1341f000 	C:\Windows\System32\profapi.dll
0x00007fff133b0000 - 0x00007fff133fc000 	C:\Windows\System32\powrprof.dll
0x00007fff13360000 - 0x00007fff1336a000 	C:\Windows\System32\FLTLIB.DLL
0x000001271c3a0000 - 0x000001271c3a3000 	C:\Program Files\Java\jre-10.0.2\bin\api-ms-win-core-console-l1-1-0.dll
0x000001271c3b0000 - 0x000001271c3b3000 	C:\Program Files\Java\jre-10.0.2\bin\api-ms-win-core-datetime-l1-1-0.dll
0x000001273b760000 - 0x000001273b763000 	C:\Program Files\Java\jre-10.0.2\bin\api-ms-win-core-debug-l1-1-0.dll
0x000001273b770000 - 0x000001273b773000 	C:\Program Files\Java\jre-10.0.2\bin\api-ms-win-core-errorhandling-l1-1-0.dll
0x000001273b780000 - 0x000001273b784000 	C:\Program Files\Java\jre-10.0.2\bin\api-ms-win-core-file-l1-1-0.dll
0x000001273b790000 - 0x000001273b793000 	C:\Program Files\Java\jre-10.0.2\bin\api-ms-win-core-file-l1-2-0.dll
0x000001273b7a0000 - 0x000001273b7a3000 	C:\Program Files\Java\jre-10.0.2\bin\api-ms-win-core-file-l2-1-0.dll
0x000001273b7b0000 - 0x000001273b7b3000 	C:\Program Files\Java\jre-10.0.2\bin\api-ms-win-core-handle-l1-1-0.dll
0x000001273b7c0000 - 0x000001273b7c3000 	C:\Program Files\Java\jre-10.0.2\bin\api-ms-win-core-heap-l1-1-0.dll
0x000001273b7d0000 - 0x000001273b7d3000 	C:\Program Files\Java\jre-10.0.2\bin\api-ms-win-core-interlocked-l1-1-0.dll
0x000001273b7e0000 - 0x000001273b7e3000 	C:\Program Files\Java\jre-10.0.2\bin\api-ms-win-core-libraryloader-l1-1-0.dll
0x000001273b7f0000 - 0x000001273b7f3000 	C:\Program Files\Java\jre-10.0.2\bin\api-ms-win-core-localization-l1-2-0.dll
0x000001273b800000 - 0x000001273b803000 	C:\Program Files\Java\jre-10.0.2\bin\api-ms-win-core-memory-l1-1-0.dll
0x000001273b810000 - 0x000001273b813000 	C:\Program Files\Java\jre-10.0.2\bin\api-ms-win-core-namedpipe-l1-1-0.dll
0x000001273b820000 - 0x000001273b823000 	C:\Program Files\Java\jre-10.0.2\bin\api-ms-win-core-processenvironment-l1-1-0.dll
0x000001273b830000 - 0x000001273b833000 	C:\Program Files\Java\jre-10.0.2\bin\api-ms-win-core-processthreads-l1-1-0.dll
0x000001273b840000 - 0x000001273b843000 	C:\Program Files\Java\jre-10.0.2\bin\api-ms-win-core-processthreads-l1-1-1.dll
0x000001273b850000 - 0x000001273b853000 	C:\Program Files\Java\jre-10.0.2\bin\api-ms-win-core-profile-l1-1-0.dll
0x000001273b860000 - 0x000001273b863000 	C:\Program Files\Java\jre-10.0.2\bin\api-ms-win-core-rtlsupport-l1-1-0.dll
0x000001273b870000 - 0x000001273b873000 	C:\Program Files\Java\jre-10.0.2\bin\api-ms-win-core-string-l1-1-0.dll
0x000001273b880000 - 0x000001273b883000 	C:\Program Files\Java\jre-10.0.2\bin\api-ms-win-core-synch-l1-1-0.dll
0x000001273b890000 - 0x000001273b893000 	C:\Program Files\Java\jre-10.0.2\bin\api-ms-win-core-synch-l1-2-0.dll
0x000001273b8a0000 - 0x000001273b8a3000 	C:\Program Files\Java\jre-10.0.2\bin\api-ms-win-core-sysinfo-l1-1-0.dll
0x000001273b8b0000 - 0x000001273b8b3000 	C:\Program Files\Java\jre-10.0.2\bin\api-ms-win-core-timezone-l1-1-0.dll
0x000001273b8c0000 - 0x000001273b8c3000 	C:\Program Files\Java\jre-10.0.2\bin\api-ms-win-core-util-l1-1-0.dll
0x000001273b8d0000 - 0x000001273b8d3000 	C:\Program Files\Java\jre-10.0.2\bin\api-ms-win-crt-conio-l1-1-0.dll
0x000001273b8e0000 - 0x000001273b8e4000 	C:\Program Files\Java\jre-10.0.2\bin\api-ms-win-crt-convert-l1-1-0.dll
0x000001273b8f0000 - 0x000001273b8f3000 	C:\Program Files\Java\jre-10.0.2\bin\api-ms-win-crt-environment-l1-1-0.dll
0x000001273b900000 - 0x000001273b903000 	C:\Program Files\Java\jre-10.0.2\bin\api-ms-win-crt-filesystem-l1-1-0.dll
0x000001273b910000 - 0x000001273b913000 	C:\Program Files\Java\jre-10.0.2\bin\api-ms-win-crt-heap-l1-1-0.dll
0x000001273b920000 - 0x000001273b923000 	C:\Program Files\Java\jre-10.0.2\bin\api-ms-win-crt-locale-l1-1-0.dll
0x000001273b930000 - 0x000001273b935000 	C:\Program Files\Java\jre-10.0.2\bin\api-ms-win-crt-math-l1-1-0.dll
0x000001273b940000 - 0x000001273b945000 	C:\Program Files\Java\jre-10.0.2\bin\api-ms-win-crt-multibyte-l1-1-0.dll
0x000001273b950000 - 0x000001273b960000 	C:\Program Files\Java\jre-10.0.2\bin\api-ms-win-crt-private-l1-1-0.dll
0x000001273b960000 - 0x000001273b963000 	C:\Program Files\Java\jre-10.0.2\bin\api-ms-win-crt-process-l1-1-0.dll
0x000001273b970000 - 0x000001273b974000 	C:\Program Files\Java\jre-10.0.2\bin\api-ms-win-crt-runtime-l1-1-0.dll
0x000001273b980000 - 0x000001273b984000 	C:\Program Files\Java\jre-10.0.2\bin\api-ms-win-crt-stdio-l1-1-0.dll
0x000001273b990000 - 0x000001273b994000 	C:\Program Files\Java\jre-10.0.2\bin\api-ms-win-crt-string-l1-1-0.dll
0x000001273b9a0000 - 0x000001273b9a3000 	C:\Program Files\Java\jre-10.0.2\bin\api-ms-win-crt-time-l1-1-0.dll
0x000001273b9b0000 - 0x000001273b9b3000 	C:\Program Files\Java\jre-10.0.2\bin\api-ms-win-crt-utility-l1-1-0.dll
0x00007ffef58b0000 - 0x00007ffef59a6000 	C:\Program Files\Java\jre-10.0.2\bin\ucrtbase.dll
0x00007ffef5890000 - 0x00007ffef58a6000 	C:\Program Files\Java\jre-10.0.2\bin\vcruntime140.dll
0x00007ffee1ce0000 - 0x00007ffee1d7c000 	C:\Program Files\Java\jre-10.0.2\bin\msvcp140.dll
0x00007ffee1c80000 - 0x00007ffee1cd1000 	C:\Program Files\Java\jre-10.0.2\bin\concrt140.dll
0x00007ffef5860000 - 0x00007ffef5883000 	C:\Program Files\Java\jre-10.0.2\bin\prism_d3d.dll
0x00007ffee2bc0000 - 0x00007ffee2d57000 	C:\Windows\system32\d3d9.dll
0x00007fff116f0000 - 0x00007fff11719000 	C:\Windows\SYSTEM32\dwmapi.dll
0x00007fff114a0000 - 0x00007fff11538000 	C:\Windows\system32\uxtheme.dll
0x00007ffed5210000 - 0x00007ffed53e7000 	C:\Windows\System32\DriverStore\FileRepository\ki127171.inf_amd64_368f8c7337214025\igdumdim64.dll
0x00007ffeb94c0000 - 0x00007ffebc4bd000 	C:\Windows\System32\DriverStore\FileRepository\ki127171.inf_amd64_368f8c7337214025\igd9dxva64.dll
0x00007fff14500000 - 0x00007fff14651000 	C:\Windows\System32\ole32.dll
0x00007fff14d70000 - 0x00007fff14e32000 	C:\Windows\System32\OLEAUT32.dll
0x00007ffee1c30000 - 0x00007ffee1c7a000 	C:\Program Files\Java\jre-10.0.2\bin\glass.dll
0x00007fff14830000 - 0x00007fff1491d000 	C:\Windows\System32\COMDLG32.dll
0x00007fff14ea0000 - 0x00007fff15015000 	C:\Windows\System32\MSCTF.dll
0x0000000011320000 - 0x0000000011361000 	C:\Program Files (x86)\NetSupport\NetSupport School\pciappctrl64.dll
0x00007fff0cf50000 - 0x00007fff0cf6a000 	C:\Windows\SYSTEM32\MPR.dll
0x00007fff07a00000 - 0x00007fff09795000 	C:\Windows\System32\DriverStore\FileRepository\ki127171.inf_amd64_368f8c7337214025\igc64.dll
0x00007ffef3a50000 - 0x00007ffef3a64000 	C:\Program Files\Java\jre-10.0.2\bin\javafx_font.dll
0x00007ffeb9320000 - 0x00007ffeb94bb000 	C:\Program Files\Java\jre-10.0.2\bin\awt.dll
0x00007fff0fb90000 - 0x00007fff10157000 	C:\Windows\SYSTEM32\d2d1.dll
0x00007fff112e0000 - 0x00007fff1136b000 	C:\Windows\SYSTEM32\apphelp.dll
0x00007ffee1bc0000 - 0x00007ffee1c25000 	C:\Program Files\Java\jre-10.0.2\bin\fontmanager.dll
0x00007ffef4650000 - 0x00007ffef496c000 	C:\Windows\SYSTEM32\dwrite.dll

dbghelp: loaded successfully - version: 4.0.5 - missing functions: none
symbol engine: initialized successfully - sym options: 0x614 - pdb path: .;C:\Program Files\Java\jre-10.0.2\bin;C:\Windows\SYSTEM32;C:\Windows\WinSxS\amd64_microsoft.windows.common-controls_6595b64144ccf1df_6.0.17134.228_none_fb4599993062b194;C:\Program Files\RDT Global\HDGUARD;C:\Program Files\Java\jre-10.0.2\bin\server;C:\Windows\System32\DriverStore\FileRepository\ki127171.inf_amd64_368f8c7337214025;C:\Program Files (x86)\NetSupport\NetSupport School

VM Arguments:
jvm_args: -Dfile.encoding=Cp1252 
java_command: application.Main
java_class_path (initial): C:\Users\313444887\Desktop\clientTop\client\bin;C:\Users\313444887\Desktop\clientTop\OCSF\bin;C:\Users\313444887\Desktop\clientTop\Protocols\bin
Launcher Type: SUN_STANDARD

Logging:
Log output configuration:
#0: stdout all=warning uptime,level,tags
#1: stderr all=off uptime,level,tags

Environment Variables:
CLASSPATH=C:\LINGO14\Lingo14.jar
PATH=C:\Program Files\MATLAB\R2018a\bin;C:\Program Files (x86)\Common Files\Oracle\Java\javapath;C:\Tcl\bin;C:\OpenSim 3.3\bin;C:\Program Files (x86)\Rockwell Software\RSCommon;C:\Windows\system32;C:\Windows;C:\Windows\System32\Wbem;C:\Windows\System32\WindowsPowerShell\v1.0\;C:\Windows\System32\OpenSSH\;C:\Users\Administrator\.dnx\bin;C:\Program Files\Microsoft DNX\Dnvm\;C:\VXIPNP\WinNT\Bin;C:\Program Files\Microsoft SQL Server\Client SDK\ODBC\110\Tools\Binn\;C:\Program Files (x86)\Windows Kits\8.1\Windows Performance Toolkit\;C:\Program Files\IBM\SPSS\Statistics\24\JRE\bin;C:\Program Files (x86)\IVI Foundation\IVI\bin;C:\Program Files\IVI Foundation\IVI\bin;C:\VXIPNP\WinNT\Bin\;C:\Program Files\IVI Foundation\VISA\Win64\Bin\;C:\Program Files\PuTTY\;C:\Program Files\Point Grey Research\FlyCapture2\bin64;C:\Program Files\Point Grey Research\FlyCapture2\bin64\vs2013;C:\Program Files\Point Grey Research\FlyCapture2\bin64\vs2015;C:\Program Files (x86)\National Instruments\Motion Assistant\bin\mxwplugins;C:\Program Files (x86)\Windows Kits\10\Windows Performance Toolkit\;C:\Program Files\MATLAB\R2018a\runtime\win64;C:\Users\Administrator\AppData\Local\Microsoft\WindowsApps;C:\Program Files (x86)\Atmel\Flip 3.4.7\bin;C:\LINGO14\;C:\XIMEA\API;C:\Anaconda;C:\Anaconda\Scripts;C:\Program Files\MiKTeX 2.9\miktex\bin\x64\;C:\Users\Student\AppData\Local\Microsoft\WindowsApps;C:\Cadence\SPB_16.6\tools\pcb\bin;C:\Cadence\SPB_16.6\tools\bin;C:\Cadence\SPB_16.6\tools\libutil\bin;C:\Cadence\SPB_16.6\tools\fet\bin;C:\Cadence\SPB_16.6\tools\specctra\bin;C:\Cadence\SPB_16.6\tools\pspice;C:\Cadence\SPB_16.6\tools\capture;C:\Cadence\SPB_16.6\openaccess\bin\win32\opt;C:\S4200\sys\bin;C:\S4200\kiuser\usrlib;C:\S4200\sys\openint\dll;C:\altera\13.0sp1\modelsim_ase\win32aloem;C:\Program Files (x86)\SDCC\bin;C:\S4200\kiuser\usrlib;C:\S4200\sys\openint\dll;C:\Users\313444887\AppData\Local\Microsoft\WindowsApps;C:\altera\13.0sp1\modelsim_ase\win32aloem;C:\Program Files (x86)\SDCC\bin
USERNAME=313444887
OS=Windows_NT
PROCESSOR_IDENTIFIER=Intel64 Family 6 Model 94 Stepping 3, GenuineIntel



---------------  S Y S T E M  ---------------

OS: Windows 10 , 64 bit Build 17134 (10.0.17134.1)

CPU:total 4 (initial active 4) (4 cores per cpu, 1 threads per core) family 6 model 94 stepping 3, cmov, cx8, fxsr, mmx, sse, sse2, sse3, ssse3, sse4.1, sse4.2, popcnt, avx, avx2, aes, clmul, erms, rtm, 3dnowpref, lzcnt, tsc, tscinvbit, bmi1, bmi2, adx, fma

Memory: 4k page, physical 8239248k(2138436k free), swap 28698468k(4852k free)

vm_info: Java HotSpot(TM) 64-Bit Server VM (10.0.2+13) for windows-amd64 JRE (10.0.2+13), built on Jun 28 2018 01:57:56 by "mach5one" with MS VC++ 12.0 (VS2013)

END.
