#
# There is insufficient memory for the Java Runtime Environment to continue.
# Native memory allocation (malloc) failed to allocate 730656 bytes for Chunk::new
# Possible reasons:
#   The system is out of physical RAM or swap space
#   The process is running with CompressedOops enabled, and the Java Heap may be blocking the growth of the native heap
# Possible solutions:
#   Reduce memory load on the system
#   Increase physical memory or swap space
#   Check if swap backing store is full
#   Decrease Java heap size (-Xmx/-Xms)
#   Decrease number of Java threads
#   Decrease Java thread stack sizes (-Xss)
#   Set larger code cache with -XX:ReservedCodeCacheSize=
#   JVM is running with Unscaled Compressed Oops mode in which the Java heap is
#     placed in the first 4GB address space. The Java Heap base address is the
#     maximum limit for the native heap growth. Please use -XX:HeapBaseMinAddress
#     to set the Java Heap base and to place the Java Heap above 4GB virtual address.
# This output file may be truncated or incomplete.
#
#  Out of Memory Error (t:/workspace/open/src/hotspot/share/memory/arena.cpp:198), pid=20600, tid=24476
#
# JRE version: Java(TM) SE Runtime Environment (10.0.2+13) (build 10.0.2+13)
# Java VM: Java HotSpot(TM) 64-Bit Server VM (10.0.2+13, mixed mode, tiered, compressed oops, g1 gc, windows-amd64)
# No core dump will be written. Minidumps are not enabled by default on client versions of Windows
#

---------------  S U M M A R Y ------------

Command Line: -Dfile.encoding=Cp1252 application.Main

Host: Intel(R) Core(TM) i5-6500 CPU @ 3.20GHz, 4 cores, 7G,  Windows 10 , 64 bit Build 17134 (10.0.17134.1)
Time: Tue Jan 29 11:05:53 2019 Jerusalem Standard Time elapsed time: 12 seconds (0d 0h 0m 12s)

---------------  T H R E A D  ---------------

Current thread (0x000002328497d000):  JavaThread "C2 CompilerThread0" daemon [_thread_in_native, id=24476, stack(0x000000f844700000,0x000000f844800000)]


Current CompileTask:
C2:  12582 3148       4       java.lang.invoke.MethodType::makeImpl (108 bytes)

Stack: [0x000000f844700000,0x000000f844800000]
Native frames: (J=compiled Java code, j=interpreted, Vv=VM code, C=native code)
V  [jvm.dll+0x5a01a9]
V  [WINMM.dll+0x6bcf31]
V  [jvm.dll+0x6be126]
V  [api-ms-win-core-processthreads-l1-1-1.dll+0x6be7b3]
V  [jvm.dll+0x234978]
V  [jvm.dll+0xbb69c]
V  [igd9dxva64.dll+0xbbbac]
V  [SSPICLI.DLL+0x2a68e4]
V  [api-ms-win-core-file-l1-1-0.dll+0x4bf92a]
V  [jvm.dll+0x20151a]
V  [api-ms-win-crt-environment-l1-1-0.dll+0x1ff0a1]
V  [jvm.dll+0x17c94b]
V  [d3d9.dll+0x20c8dd]
V  [jvm.dll+0x20b6a6]
V  [jvm.dll+0x68b7ff]
V  [jvm.dll+0x59f4b0]
C  [msvcr120.dll+0x24f7f]
C  [msvcr120.dll+0x25126]
C  [KERNEL32.DLL+0x13034]
C  [ntdll.dll+0x71431]


---------------  P R O C E S S  ---------------

Threads class SMR info:
_java_thread_list=0x000002328d9e45d0, length=20, elements={
0x00000232e6903000, 0x0000023284133800, 0x0000023284169800, 0x000002328416d800,
0x000002328416e000, 0x000002328497d000, 0x00000232849dc800, 0x00000232849dd800,
0x00000232849eb000, 0x0000023284b2b000, 0x0000023284b30800, 0x0000023284ef1800,
0x0000023284fcb800, 0x00000232852b0000, 0x00000232854d7800, 0x0000023286290800,
0x000002328641d000, 0x0000023286339800, 0x0000023285ed6800, 0x00000232868b1000
}

Java Threads: ( => current thread )
  0x00000232e6903000 JavaThread "main" [_thread_blocked, id=24016, stack(0x000000f843600000,0x000000f843700000)]
  0x0000023284133800 JavaThread "Reference Handler" daemon [_thread_blocked, id=18772, stack(0x000000f844300000,0x000000f844400000)]
  0x0000023284169800 JavaThread "Finalizer" daemon [_thread_blocked, id=23852, stack(0x000000f844400000,0x000000f844500000)]
  0x000002328416d800 JavaThread "Signal Dispatcher" daemon [_thread_blocked, id=15092, stack(0x000000f844500000,0x000000f844600000)]
  0x000002328416e000 JavaThread "Attach Listener" daemon [_thread_blocked, id=24328, stack(0x000000f844600000,0x000000f844700000)]
=>0x000002328497d000 JavaThread "C2 CompilerThread0" daemon [_thread_in_native, id=24476, stack(0x000000f844700000,0x000000f844800000)]
  0x00000232849dc800 JavaThread "C2 CompilerThread1" daemon [_thread_in_native, id=11648, stack(0x000000f844800000,0x000000f844900000)]
  0x00000232849dd800 JavaThread "C1 CompilerThread2" daemon [_thread_blocked, id=23500, stack(0x000000f844900000,0x000000f844a00000)]
  0x00000232849eb000 JavaThread "Sweeper thread" daemon [_thread_blocked, id=21668, stack(0x000000f844a00000,0x000000f844b00000)]
  0x0000023284b2b000 JavaThread "Service Thread" daemon [_thread_blocked, id=5024, stack(0x000000f844b00000,0x000000f844c00000)]
  0x0000023284b30800 JavaThread "Common-Cleaner" daemon [_thread_blocked, id=24360, stack(0x000000f844c00000,0x000000f844d00000)]
  0x0000023284ef1800 JavaThread "QuantumRenderer-0" daemon [_thread_blocked, id=1536, stack(0x000000f844e00000,0x000000f844f00000)]
  0x0000023284fcb800 JavaThread "InvokeLaterDispatcher" daemon [_thread_in_native, id=23960, stack(0x000000f844f00000,0x000000f845000000)]
  0x00000232852b0000 JavaThread "JavaFX Application Thread" [_thread_in_native, id=24144, stack(0x000000f845000000,0x000000f845100000)]
  0x00000232854d7800 JavaThread "JavaFX-Launcher" [_thread_blocked, id=1152, stack(0x000000f845600000,0x000000f845700000)]
  0x0000023286290800 JavaThread "Thread-2" daemon [_thread_in_native, id=13084, stack(0x000000f845500000,0x000000f845600000)]
  0x000002328641d000 JavaThread "Java2D Disposer" daemon [_thread_blocked, id=11708, stack(0x000000f845700000,0x000000f845800000)]
  0x0000023286339800 JavaThread "Prism Font Disposer" daemon [_thread_blocked, id=22384, stack(0x000000f845b00000,0x000000f845c00000)]
  0x0000023285ed6800 JavaThread "Cleaner-0" daemon [_thread_blocked, id=24528, stack(0x000000f845c00000,0x000000f845d00000)]
  0x00000232868b1000 JavaThread "Thread-3" [_thread_in_native, id=23148, stack(0x000000f845d00000,0x000000f845e00000)]

Other Threads:
  0x000002328412f000 VMThread "VM Thread" [stack: 0x000000f844200000,0x000000f844300000] [id=10196]
  0x0000023284b31800 WatcherThread [stack: 0x000000f844d00000,0x000000f844e00000] [id=24212]
  0x00000232e691c800 GCTaskThread "GC Thread#0" [stack: 0x000000f843700000,0x000000f843800000] [id=19248]
  0x00000232e691e000 GCTaskThread "GC Thread#1" [stack: 0x000000f843800000,0x000000f843900000] [id=19360]
  0x00000232e691f800 GCTaskThread "GC Thread#2" [stack: 0x000000f843900000,0x000000f843a00000] [id=18696]
  0x00000232e6921800 GCTaskThread "GC Thread#3" [stack: 0x000000f843a00000,0x000000f843b00000] [id=13356]
  0x00000232e698d000 ConcurrentGCThread "G1 Main Marker" [stack: 0x000000f843b00000,0x000000f843c00000] [id=22492]
  0x00000232e6991800 ConcurrentGCThread "G1 Conc#0" [stack: 0x000000f843c00000,0x000000f843d00000] [id=19252]
  0x0000023283fd6000 ConcurrentGCThread "G1 Refine#0" [stack: 0x000000f843d00000,0x000000f843e00000] [id=19692]
  0x0000023283fd7000 ConcurrentGCThread "G1 Refine#1" [stack: 0x000000f843e00000,0x000000f843f00000] [id=18036]
  0x0000023283fd8000 ConcurrentGCThread "G1 Refine#2" [stack: 0x000000f843f00000,0x000000f844000000] [id=19704]
  0x0000023283fda800 ConcurrentGCThread "G1 Refine#3" [stack: 0x000000f844000000,0x000000f844100000] [id=24008]
  0x0000023283fde000 ConcurrentGCThread "G1 Young RemSet Sampling" [stack: 0x000000f844100000,0x000000f844200000] [id=19068]

Threads with active compile tasks:
C2 CompilerThread03148       4       java.lang.invoke.MethodType::makeImpl (108 bytes)
C2 CompilerThread13162       4       com.sun.marlin.MaskMarlinAlphaConsumer::setAndClearRelativeAlphas (641 bytes)

VM state:not at safepoint (normal execution)

VM Mutex/Monitor currently owned by a thread: None

Heap address: 0x0000000082400000, size: 2012 MB, Compressed Oops mode: 32-bit
Narrow klass base: 0x0000000000000000, Narrow klass shift: 3
Compressed class space size: 1073741824 Address: 0x0000000100000000

Heap:
 garbage-first heap   total 129024K, used 35381K [0x0000000082400000, 0x0000000100000000)
  region size 1024K, 19 young (19456K), 3 survivors (3072K)
 Metaspace       used 24842K, capacity 25712K, committed 25984K, reserved 1071104K
  class space    used 3310K, capacity 3709K, committed 3712K, reserved 1048576K
Heap Regions: E=young(eden), S=young(survivor), O=old, HS=humongous(starts), HC=humongous(continues), CS=collection set, F=free, A=archive, TS=gc time stamp, AC=allocation context, TAMS=top-at-mark-start (previous, next)
|   0|0x0000000082400000, 0x0000000082500000, 0x0000000082500000|100%| O|  |TS  0|AC  0|TAMS 0x0000000082500000, 0x0000000082500000|
|   1|0x0000000082500000, 0x0000000082600000, 0x0000000082600000|100%| O|  |TS  0|AC  0|TAMS 0x0000000082600000, 0x0000000082600000|
|   2|0x0000000082600000, 0x0000000082700000, 0x0000000082700000|100%| O|  |TS  0|AC  0|TAMS 0x0000000082700000, 0x0000000082700000|
|   3|0x0000000082700000, 0x0000000082800000, 0x0000000082800000|100%| O|  |TS  0|AC  0|TAMS 0x0000000082800000, 0x0000000082800000|
|   4|0x0000000082800000, 0x0000000082857600, 0x0000000082900000| 34%| O|  |TS  0|AC  0|TAMS 0x0000000082857600, 0x0000000082857600|
|   5|0x0000000082900000, 0x0000000082a00000, 0x0000000082a00000|100%|HS|  |TS  0|AC  0|TAMS 0x0000000082a00000, 0x0000000082a00000|
|   6|0x0000000082a00000, 0x0000000082b00000, 0x0000000082b00000|100%|HC|  |TS  0|AC  0|TAMS 0x0000000082b00000, 0x0000000082b00000|
|   7|0x0000000082b00000, 0x0000000082c00000, 0x0000000082c00000|100%|HC|  |TS  0|AC  0|TAMS 0x0000000082c00000, 0x0000000082c00000|
|   8|0x0000000082c00000, 0x0000000082d00000, 0x0000000082d00000|100%|HS|  |TS  0|AC  0|TAMS 0x0000000082c00000, 0x0000000082c00000|
|   9|0x0000000082d00000, 0x0000000082e00000, 0x0000000082e00000|100%|HC|  |TS  0|AC  0|TAMS 0x0000000082d00000, 0x0000000082d00000|
|  10|0x0000000082e00000, 0x0000000082f00000, 0x0000000082f00000|100%|HS|  |TS  0|AC  0|TAMS 0x0000000082e00000, 0x0000000082e00000|
|  11|0x0000000082f00000, 0x0000000083000000, 0x0000000083000000|100%|HC|  |TS  0|AC  0|TAMS 0x0000000082f00000, 0x0000000082f00000|
|  12|0x0000000083000000, 0x0000000083100000, 0x0000000083100000|100%|HS|  |TS  0|AC  0|TAMS 0x0000000083000000, 0x0000000083000000|
|  13|0x0000000083100000, 0x0000000083200000, 0x0000000083200000|100%|HC|  |TS  0|AC  0|TAMS 0x0000000083100000, 0x0000000083100000|
|  14|0x0000000083200000, 0x0000000083300000, 0x0000000083300000|100%|HC|  |TS  0|AC  0|TAMS 0x0000000083200000, 0x0000000083200000|
|  15|0x0000000083300000, 0x0000000083400000, 0x0000000083400000|100%|HC|  |TS  0|AC  0|TAMS 0x0000000083300000, 0x0000000083300000|
|  16|0x0000000083400000, 0x0000000083500000, 0x0000000083500000|100%|HC|  |TS  0|AC  0|TAMS 0x0000000083400000, 0x0000000083400000|
|  17|0x0000000083500000, 0x0000000083600000, 0x0000000083600000|100%|HC|  |TS  0|AC  0|TAMS 0x0000000083500000, 0x0000000083500000|
|  18|0x0000000083600000, 0x0000000083600000, 0x0000000083700000|  0%| F|  |TS  0|AC  0|TAMS 0x0000000083600000, 0x0000000083600000|
|  19|0x0000000083700000, 0x0000000083700000, 0x0000000083800000|  0%| F|  |TS  0|AC  0|TAMS 0x0000000083700000, 0x0000000083700000|
|  20|0x0000000083800000, 0x0000000083800000, 0x0000000083900000|  0%| F|  |TS  0|AC  0|TAMS 0x0000000083800000, 0x0000000083800000|
|  21|0x0000000083900000, 0x0000000083900000, 0x0000000083a00000|  0%| F|  |TS  0|AC  0|TAMS 0x0000000083900000, 0x0000000083900000|
|  22|0x0000000083a00000, 0x0000000083a00000, 0x0000000083b00000|  0%| F|  |TS  0|AC  0|TAMS 0x0000000083a00000, 0x0000000083a00000|
|  23|0x0000000083b00000, 0x0000000083b00000, 0x0000000083c00000|  0%| F|  |TS  0|AC  0|TAMS 0x0000000083b00000, 0x0000000083b00000|
|  24|0x0000000083c00000, 0x0000000083c00000, 0x0000000083d00000|  0%| F|  |TS  0|AC  0|TAMS 0x0000000083c00000, 0x0000000083c00000|
|  25|0x0000000083d00000, 0x0000000083d00000, 0x0000000083e00000|  0%| F|  |TS  0|AC  0|TAMS 0x0000000083d00000, 0x0000000083d00000|
|  26|0x0000000083e00000, 0x0000000083e00000, 0x0000000083f00000|  0%| F|  |TS  0|AC  0|TAMS 0x0000000083e00000, 0x0000000083e00000|
|  27|0x0000000083f00000, 0x0000000083f00000, 0x0000000084000000|  0%| F|  |TS  0|AC  0|TAMS 0x0000000083f00000, 0x0000000083f00000|
|  28|0x0000000084000000, 0x0000000084000000, 0x0000000084100000|  0%| F|  |TS  0|AC  0|TAMS 0x0000000084000000, 0x0000000084000000|
|  29|0x0000000084100000, 0x0000000084100000, 0x0000000084200000|  0%| F|  |TS  0|AC  0|TAMS 0x0000000084100000, 0x0000000084100000|
|  30|0x0000000084200000, 0x0000000084200000, 0x0000000084300000|  0%| F|  |TS  0|AC  0|TAMS 0x0000000084200000, 0x0000000084200000|
|  31|0x0000000084300000, 0x0000000084300000, 0x0000000084400000|  0%| F|  |TS  0|AC  0|TAMS 0x0000000084300000, 0x0000000084300000|
|  32|0x0000000084400000, 0x0000000084400000, 0x0000000084500000|  0%| F|  |TS  0|AC  0|TAMS 0x0000000084400000, 0x0000000084400000|
|  33|0x0000000084500000, 0x0000000084500000, 0x0000000084600000|  0%| F|  |TS  0|AC  0|TAMS 0x0000000084500000, 0x0000000084500000|
|  34|0x0000000084600000, 0x0000000084600000, 0x0000000084700000|  0%| F|  |TS  0|AC  0|TAMS 0x0000000084600000, 0x0000000084600000|
|  35|0x0000000084700000, 0x0000000084700000, 0x0000000084800000|  0%| F|  |TS  0|AC  0|TAMS 0x0000000084700000, 0x0000000084700000|
|  36|0x0000000084800000, 0x0000000084800000, 0x0000000084900000|  0%| F|  |TS  0|AC  0|TAMS 0x0000000084800000, 0x0000000084800000|
|  37|0x0000000084900000, 0x0000000084900000, 0x0000000084a00000|  0%| F|  |TS  0|AC  0|TAMS 0x0000000084900000, 0x0000000084900000|
|  38|0x0000000084a00000, 0x0000000084a00000, 0x0000000084b00000|  0%| F|  |TS  0|AC  0|TAMS 0x0000000084a00000, 0x0000000084a00000|
|  39|0x0000000084b00000, 0x0000000084b00000, 0x0000000084c00000|  0%| F|  |TS  0|AC  0|TAMS 0x0000000084b00000, 0x0000000084b00000|
|  40|0x0000000084c00000, 0x0000000084c00000, 0x0000000084d00000|  0%| F|  |TS  0|AC  0|TAMS 0x0000000084c00000, 0x0000000084c00000|
|  41|0x0000000084d00000, 0x0000000084d00000, 0x0000000084e00000|  0%| F|  |TS  0|AC  0|TAMS 0x0000000084d00000, 0x0000000084d00000|
|  42|0x0000000084e00000, 0x0000000084e00000, 0x0000000084f00000|  0%| F|  |TS  0|AC  0|TAMS 0x0000000084e00000, 0x0000000084e00000|
|  43|0x0000000084f00000, 0x0000000084f00000, 0x0000000085000000|  0%| F|  |TS  0|AC  0|TAMS 0x0000000084f00000, 0x0000000084f00000|
|  44|0x0000000085000000, 0x0000000085000000, 0x0000000085100000|  0%| F|  |TS  0|AC  0|TAMS 0x0000000085000000, 0x0000000085000000|
|  45|0x0000000085100000, 0x0000000085100000, 0x0000000085200000|  0%| F|  |TS  0|AC  0|TAMS 0x0000000085100000, 0x0000000085100000|
|  46|0x0000000085200000, 0x0000000085200000, 0x0000000085300000|  0%| F|  |TS  0|AC  0|TAMS 0x0000000085200000, 0x0000000085200000|
|  47|0x0000000085300000, 0x0000000085300000, 0x0000000085400000|  0%| F|  |TS  0|AC  0|TAMS 0x0000000085300000, 0x0000000085300000|
|  48|0x0000000085400000, 0x0000000085400000, 0x0000000085500000|  0%| F|  |TS  0|AC  0|TAMS 0x0000000085400000, 0x0000000085400000|
|  49|0x0000000085500000, 0x0000000085500000, 0x0000000085600000|  0%| F|  |TS  0|AC  0|TAMS 0x0000000085500000, 0x0000000085500000|
|  50|0x0000000085600000, 0x0000000085600000, 0x0000000085700000|  0%| F|  |TS  0|AC  0|TAMS 0x0000000085600000, 0x0000000085600000|
|  51|0x0000000085700000, 0x0000000085700000, 0x0000000085800000|  0%| F|  |TS  0|AC  0|TAMS 0x0000000085700000, 0x0000000085700000|
|  52|0x0000000085800000, 0x0000000085800000, 0x0000000085900000|  0%| F|  |TS  0|AC  0|TAMS 0x0000000085800000, 0x0000000085800000|
|  53|0x0000000085900000, 0x0000000085900000, 0x0000000085a00000|  0%| F|  |TS  0|AC  0|TAMS 0x0000000085900000, 0x0000000085900000|
|  54|0x0000000085a00000, 0x0000000085a00000, 0x0000000085b00000|  0%| F|  |TS  0|AC  0|TAMS 0x0000000085a00000, 0x0000000085a00000|
|  55|0x0000000085b00000, 0x0000000085b00000, 0x0000000085c00000|  0%| F|  |TS  0|AC  0|TAMS 0x0000000085b00000, 0x0000000085b00000|
|  56|0x0000000085c00000, 0x0000000085c00000, 0x0000000085d00000|  0%| F|  |TS  0|AC  0|TAMS 0x0000000085c00000, 0x0000000085c00000|
|  57|0x0000000085d00000, 0x0000000085d00000, 0x0000000085e00000|  0%| F|  |TS  0|AC  0|TAMS 0x0000000085d00000, 0x0000000085d00000|
|  58|0x0000000085e00000, 0x0000000085e00000, 0x0000000085f00000|  0%| F|  |TS  0|AC  0|TAMS 0x0000000085e00000, 0x0000000085e00000|
|  59|0x0000000085f00000, 0x0000000085f00000, 0x0000000086000000|  0%| F|  |TS  0|AC  0|TAMS 0x0000000085f00000, 0x0000000085f00000|
|  60|0x0000000086000000, 0x0000000086000000, 0x0000000086100000|  0%| F|  |TS  0|AC  0|TAMS 0x0000000086000000, 0x0000000086000000|
|  61|0x0000000086100000, 0x0000000086100000, 0x0000000086200000|  0%| F|  |TS  0|AC  0|TAMS 0x0000000086100000, 0x0000000086100000|
|  62|0x0000000086200000, 0x0000000086200000, 0x0000000086300000|  0%| F|  |TS  0|AC  0|TAMS 0x0000000086200000, 0x0000000086200000|
|  63|0x0000000086300000, 0x0000000086300000, 0x0000000086400000|  0%| F|  |TS  0|AC  0|TAMS 0x0000000086300000, 0x0000000086300000|
|  64|0x0000000086400000, 0x0000000086400000, 0x0000000086500000|  0%| F|  |TS  0|AC  0|TAMS 0x0000000086400000, 0x0000000086400000|
|  65|0x0000000086500000, 0x0000000086500000, 0x0000000086600000|  0%| F|  |TS  0|AC  0|TAMS 0x0000000086500000, 0x0000000086500000|
|  66|0x0000000086600000, 0x0000000086600000, 0x0000000086700000|  0%| F|  |TS  0|AC  0|TAMS 0x0000000086600000, 0x0000000086600000|
|  67|0x0000000086700000, 0x0000000086700000, 0x0000000086800000|  0%| F|  |TS  0|AC  0|TAMS 0x0000000086700000, 0x0000000086700000|
|  68|0x0000000086800000, 0x0000000086800000, 0x0000000086900000|  0%| F|  |TS  0|AC  0|TAMS 0x0000000086800000, 0x0000000086800000|
|  69|0x0000000086900000, 0x0000000086900000, 0x0000000086a00000|  0%| F|  |TS  0|AC  0|TAMS 0x0000000086900000, 0x0000000086900000|
|  70|0x0000000086a00000, 0x0000000086a00000, 0x0000000086b00000|  0%| F|  |TS  0|AC  0|TAMS 0x0000000086a00000, 0x0000000086a00000|
|  71|0x0000000086b00000, 0x0000000086b00000, 0x0000000086c00000|  0%| F|  |TS  0|AC  0|TAMS 0x0000000086b00000, 0x0000000086b00000|
|  72|0x0000000086c00000, 0x0000000086c00000, 0x0000000086d00000|  0%| F|  |TS  0|AC  0|TAMS 0x0000000086c00000, 0x0000000086c00000|
|  73|0x0000000086d00000, 0x0000000086d00000, 0x0000000086e00000|  0%| F|  |TS  0|AC  0|TAMS 0x0000000086d00000, 0x0000000086d00000|
|  74|0x0000000086e00000, 0x0000000086e00000, 0x0000000086f00000|  0%| F|  |TS  0|AC  0|TAMS 0x0000000086e00000, 0x0000000086e00000|
|  75|0x0000000086f00000, 0x0000000086f00000, 0x0000000087000000|  0%| F|  |TS  0|AC  0|TAMS 0x0000000086f00000, 0x0000000086f00000|
|  76|0x0000000087000000, 0x0000000087000000, 0x0000000087100000|  0%| F|  |TS  0|AC  0|TAMS 0x0000000087000000, 0x0000000087000000|
|  77|0x0000000087100000, 0x0000000087100000, 0x0000000087200000|  0%| F|  |TS  0|AC  0|TAMS 0x0000000087100000, 0x0000000087100000|
|  78|0x0000000087200000, 0x0000000087200000, 0x0000000087300000|  0%| F|  |TS  0|AC  0|TAMS 0x0000000087200000, 0x0000000087200000|
|  79|0x0000000087300000, 0x0000000087300000, 0x0000000087400000|  0%| F|  |TS  0|AC  0|TAMS 0x0000000087300000, 0x0000000087300000|
|  80|0x0000000087400000, 0x0000000087400000, 0x0000000087500000|  0%| F|  |TS  0|AC  0|TAMS 0x0000000087400000, 0x0000000087400000|
|  81|0x0000000087500000, 0x0000000087500000, 0x0000000087600000|  0%| F|  |TS  0|AC  0|TAMS 0x0000000087500000, 0x0000000087500000|
|  82|0x0000000087600000, 0x0000000087600000, 0x0000000087700000|  0%| F|  |TS  0|AC  0|TAMS 0x0000000087600000, 0x0000000087600000|
|  83|0x0000000087700000, 0x0000000087700000, 0x0000000087800000|  0%| F|  |TS  0|AC  0|TAMS 0x0000000087700000, 0x0000000087700000|
|  84|0x0000000087800000, 0x0000000087800000, 0x0000000087900000|  0%| F|  |TS  0|AC  0|TAMS 0x0000000087800000, 0x0000000087800000|
|  85|0x0000000087900000, 0x0000000087900000, 0x0000000087a00000|  0%| F|  |TS  0|AC  0|TAMS 0x0000000087900000, 0x0000000087900000|
|  86|0x0000000087a00000, 0x0000000087a00000, 0x0000000087b00000|  0%| F|  |TS  0|AC  0|TAMS 0x0000000087a00000, 0x0000000087a00000|
|  87|0x0000000087b00000, 0x0000000087b00000, 0x0000000087c00000|  0%| F|  |TS  0|AC  0|TAMS 0x0000000087b00000, 0x0000000087b00000|
|  88|0x0000000087c00000, 0x0000000087c00000, 0x0000000087d00000|  0%| F|  |TS  0|AC  0|TAMS 0x0000000087c00000, 0x0000000087c00000|
|  89|0x0000000087d00000, 0x0000000087d00000, 0x0000000087e00000|  0%| F|  |TS  0|AC  0|TAMS 0x0000000087d00000, 0x0000000087d00000|
|  90|0x0000000087e00000, 0x0000000087e00000, 0x0000000087f00000|  0%| F|  |TS  0|AC  0|TAMS 0x0000000087e00000, 0x0000000087e00000|
|  91|0x0000000087f00000, 0x0000000087f00000, 0x0000000088000000|  0%| F|  |TS  0|AC  0|TAMS 0x0000000087f00000, 0x0000000087f00000|
|  92|0x0000000088000000, 0x0000000088000000, 0x0000000088100000|  0%| F|  |TS  0|AC  0|TAMS 0x0000000088000000, 0x0000000088000000|
|  93|0x0000000088100000, 0x0000000088100000, 0x0000000088200000|  0%| F|  |TS  0|AC  0|TAMS 0x0000000088100000, 0x0000000088100000|
|  94|0x0000000088200000, 0x0000000088200000, 0x0000000088300000|  0%| F|  |TS  0|AC  0|TAMS 0x0000000088200000, 0x0000000088200000|
|  95|0x0000000088300000, 0x0000000088300000, 0x0000000088400000|  0%| F|  |TS  0|AC  0|TAMS 0x0000000088300000, 0x0000000088300000|
|  96|0x0000000088400000, 0x0000000088400000, 0x0000000088500000|  0%| F|  |TS  0|AC  0|TAMS 0x0000000088400000, 0x0000000088400000|
|  97|0x0000000088500000, 0x0000000088500000, 0x0000000088600000|  0%| F|  |TS  0|AC  0|TAMS 0x0000000088500000, 0x0000000088500000|
|  98|0x0000000088600000, 0x0000000088600000, 0x0000000088700000|  0%| F|  |TS  0|AC  0|TAMS 0x0000000088600000, 0x0000000088600000|
|  99|0x0000000088700000, 0x0000000088700000, 0x0000000088800000|  0%| F|  |TS  0|AC  0|TAMS 0x0000000088700000, 0x0000000088700000|
| 100|0x0000000088800000, 0x0000000088800000, 0x0000000088900000|  0%| F|  |TS  0|AC  0|TAMS 0x0000000088800000, 0x0000000088800000|
| 101|0x0000000088900000, 0x0000000088900000, 0x0000000088a00000|  0%| F|  |TS  0|AC  0|TAMS 0x0000000088900000, 0x0000000088900000|
| 102|0x0000000088a00000, 0x0000000088a00000, 0x0000000088b00000|  0%| F|  |TS  0|AC  0|TAMS 0x0000000088a00000, 0x0000000088a00000|
| 103|0x0000000088b00000, 0x0000000088b00000, 0x0000000088c00000|  0%| F|  |TS  0|AC  0|TAMS 0x0000000088b00000, 0x0000000088b00000|
| 104|0x0000000088c00000, 0x0000000088c00000, 0x0000000088d00000|  0%| F|  |TS  0|AC  0|TAMS 0x0000000088c00000, 0x0000000088c00000|
| 105|0x0000000088d00000, 0x0000000088d00000, 0x0000000088e00000|  0%| F|  |TS  0|AC  0|TAMS 0x0000000088d00000, 0x0000000088d00000|
| 106|0x0000000088e00000, 0x0000000088e00000, 0x0000000088f00000|  0%| F|  |TS  0|AC  0|TAMS 0x0000000088e00000, 0x0000000088e00000|
| 107|0x0000000088f00000, 0x0000000088fa1340, 0x0000000089000000| 62%| E|  |TS  0|AC  0|TAMS 0x0000000088f00000, 0x0000000088f00000|
| 108|0x0000000089000000, 0x0000000089100000, 0x0000000089100000|100%| E|CS|TS  0|AC  0|TAMS 0x0000000089000000, 0x0000000089000000|
| 109|0x0000000089100000, 0x0000000089200000, 0x0000000089200000|100%| E|CS|TS  0|AC  0|TAMS 0x0000000089100000, 0x0000000089100000|
| 110|0x0000000089200000, 0x0000000089300000, 0x0000000089300000|100%| E|CS|TS  0|AC  0|TAMS 0x0000000089200000, 0x0000000089200000|
| 111|0x0000000089300000, 0x0000000089400000, 0x0000000089400000|100%| E|CS|TS  0|AC  0|TAMS 0x0000000089300000, 0x0000000089300000|
| 112|0x0000000089400000, 0x0000000089500000, 0x0000000089500000|100%| E|CS|TS  0|AC  0|TAMS 0x0000000089400000, 0x0000000089400000|
| 113|0x0000000089500000, 0x0000000089600000, 0x0000000089600000|100%| E|CS|TS  0|AC  0|TAMS 0x0000000089500000, 0x0000000089500000|
| 114|0x0000000089600000, 0x0000000089636018, 0x0000000089700000| 21%| S|CS|TS  0|AC  0|TAMS 0x0000000089600000, 0x0000000089600000|
| 115|0x0000000089700000, 0x0000000089800000, 0x0000000089800000|100%| S|CS|TS  0|AC  0|TAMS 0x0000000089700000, 0x0000000089700000|
| 116|0x0000000089800000, 0x0000000089900000, 0x0000000089900000|100%| S|CS|TS  0|AC  0|TAMS 0x0000000089800000, 0x0000000089800000|
| 117|0x0000000089900000, 0x0000000089a00000, 0x0000000089a00000|100%| E|CS|TS  0|AC  0|TAMS 0x0000000089900000, 0x0000000089900000|
| 118|0x0000000089a00000, 0x0000000089b00000, 0x0000000089b00000|100%| E|CS|TS  0|AC  0|TAMS 0x0000000089a00000, 0x0000000089a00000|
| 119|0x0000000089b00000, 0x0000000089c00000, 0x0000000089c00000|100%| E|CS|TS  0|AC  0|TAMS 0x0000000089b00000, 0x0000000089b00000|
| 120|0x0000000089c00000, 0x0000000089d00000, 0x0000000089d00000|100%| E|CS|TS  0|AC  0|TAMS 0x0000000089c00000, 0x0000000089c00000|
| 121|0x0000000089d00000, 0x0000000089e00000, 0x0000000089e00000|100%| E|CS|TS  0|AC  0|TAMS 0x0000000089d00000, 0x0000000089d00000|
| 122|0x0000000089e00000, 0x0000000089f00000, 0x0000000089f00000|100%| E|CS|TS  0|AC  0|TAMS 0x0000000089e00000, 0x0000000089e00000|
| 123|0x0000000089f00000, 0x000000008a000000, 0x000000008a000000|100%| E|CS|TS  0|AC  0|TAMS 0x0000000089f00000, 0x0000000089f00000|
| 124|0x000000008a000000, 0x000000008a100000, 0x000000008a100000|100%| E|CS|TS  0|AC  0|TAMS 0x000000008a000000, 0x000000008a000000|
| 125|0x000000008a100000, 0x000000008a200000, 0x000000008a200000|100%| E|CS|TS  0|AC  0|TAMS 0x000000008a100000, 0x000000008a100000|

Card table byte_map: [0x00000232fd470000,0x00000232fd860000] byte_map_base: 0x00000232fd05e000

Marking Bits (Prev, Next): (CMBitMap*) 0x00000232e698c3c8, (CMBitMap*) 0x00000232e698c390
 Prev Bits: [0x0000023280000000, 0x0000023281f70000)
 Next Bits: [0x00000232fdc50000, 0x00000232ffbc0000)

Polling page: 0x00000232e47e0000

CodeHeap 'non-profiled nmethods': size=120064Kb used=1404Kb max_used=1404Kb free=118659Kb
 bounds [0x00000232f5b40000, 0x00000232f5db0000, 0x00000232fd080000]
CodeHeap 'profiled nmethods': size=120000Kb used=6232Kb max_used=6232Kb free=113767Kb
 bounds [0x00000232ee610000, 0x00000232eec30000, 0x00000232f5b40000]
CodeHeap 'non-nmethods': size=5696Kb used=1351Kb max_used=1394Kb free=4345Kb
 bounds [0x00000232ee080000, 0x00000232ee2f0000, 0x00000232ee610000]
 total_blobs=4553 nmethods=3164 adapters=691
 compilation: enabled

Compilation events (10 events):
Event: 12.575 Thread 0x00000232849dd800 nmethod 3151 0x00000232eec19510 code [0x00000232eec196c0, 0x00000232eec19898]
Event: 12.575 Thread 0x00000232849dd800 3152       3       com.sun.prism.d3d.D3DShader::setConstants (64 bytes)
Event: 12.576 Thread 0x00000232849dc800 3154 %     4       com.sun.marlin.MaskMarlinAlphaConsumer::setAndClearRelativeAlphas @ 465 (641 bytes)
Event: 12.576 Thread 0x00000232849dd800 nmethod 3152 0x00000232eec19990 code [0x00000232eec19b80, 0x00000232eec1a030]
Event: 12.576 Thread 0x00000232849dd800 3153       3       com.sun.prism.d3d.D3DShader::getRegister (80 bytes)
Event: 12.576 Thread 0x00000232849dd800 nmethod 3153 0x00000232eec1a210 code [0x00000232eec1a460, 0x00000232eec1ae90]
Event: 12.576 Thread 0x00000232849dd800 3155       3       com.sun.javafx.font.PrismFontFactory::isLCDTextSupported (4 bytes)
Event: 12.576 Thread 0x00000232849dd800 nmethod 3155 0x00000232eec1b210 code [0x00000232eec1b3c0, 0x00000232eec1b538]
Event: 12.577 Thread 0x00000232849dd800 3156       3       com.sun.javafx.font.directwrite.DWGlyph::checkBounds (161 bytes)
Event: 12.577 Thread 0x00000232849dd800 nmethod 3156 0x00000232eec1b610 code [0x00000232eec1b840, 0x00000232eec1c0e0]

GC Heap History (6 events):
Event: 0.531 GC heap before
{Heap before GC invocations=0 (full 0):
 garbage-first heap   total 129024K, used 14336K [0x0000000082400000, 0x0000000100000000)
  region size 1024K, 14 young (14336K), 0 survivors (0K)
 Metaspace       used 12635K, capacity 12930K, committed 13184K, reserved 1060864K
  class space    used 1476K, capacity 1633K, committed 1664K, reserved 1048576K
}
Event: 0.536 GC heap after
{Heap after GC invocations=1 (full 0):
 garbage-first heap   total 129024K, used 3877K [0x0000000082400000, 0x0000000100000000)
  region size 1024K, 2 young (2048K), 2 survivors (2048K)
 Metaspace       used 12635K, capacity 12930K, committed 13184K, reserved 1060864K
  class space    used 1476K, capacity 1633K, committed 1664K, reserved 1048576K
}
Event: 0.694 GC heap before
{Heap before GC invocations=1 (full 0):
 garbage-first heap   total 129024K, used 8997K [0x0000000082400000, 0x0000000100000000)
  region size 1024K, 7 young (7168K), 2 survivors (2048K)
 Metaspace       used 15713K, capacity 16174K, committed 16384K, reserved 1062912K
  class space    used 1979K, capacity 2196K, committed 2304K, reserved 1048576K
}
Event: 0.699 GC heap after
{Heap after GC invocations=2 (full 0):
 garbage-first heap   total 129024K, used 5469K [0x0000000082400000, 0x0000000100000000)
  region size 1024K, 1 young (1024K), 1 survivors (1024K)
 Metaspace       used 15713K, capacity 16174K, committed 16384K, reserved 1062912K
  class space    used 1979K, capacity 2196K, committed 2304K, reserved 1048576K
}
Event: 1.461 GC heap before
{Heap before GC invocations=2 (full 0):
 garbage-first heap   total 129024K, used 15709K [0x0000000082400000, 0x0000000100000000)
  region size 1024K, 9 young (9216K), 1 survivors (1024K)
 Metaspace       used 20402K, capacity 21071K, committed 21296K, reserved 1067008K
  class space    used 2795K, capacity 3122K, committed 3200K, reserved 1048576K
}
Event: 1.464 GC heap after
{Heap after GC invocations=3 (full 0):
 garbage-first heap   total 129024K, used 9781K [0x0000000082400000, 0x0000000100000000)
  region size 1024K, 3 young (3072K), 3 survivors (3072K)
 Metaspace       used 20402K, capacity 21071K, committed 21296K, reserved 1067008K
  class space    used 2795K, capacity 3122K, committed 3200K, reserved 1048576K
}

Deoptimization events (10 events):
Event: 11.739 Thread 0x00000232852b0000 Uncommon trap: reason=unstable_if action=reinterpret pc=0x00000232f5c0ffa8 method=java.lang.StringLatin1.trim([B)Ljava/lang/String; @ 44 c2
Event: 11.775 Thread 0x00000232852b0000 Uncommon trap: reason=array_check action=maybe_recompile pc=0x00000232f5c5cae0 method=javafx.css.SimpleSelector.applies(Ljavafx/css/Styleable;[Ljava/util/Set;I)Z @ 37 c2
Event: 11.775 Thread 0x00000232852b0000 Uncommon trap: reason=array_check action=maybe_recompile pc=0x00000232f5c5cae0 method=javafx.css.SimpleSelector.applies(Ljavafx/css/Styleable;[Ljava/util/Set;I)Z @ 37 c2
Event: 11.775 Thread 0x00000232852b0000 Uncommon trap: reason=array_check action=maybe_recompile pc=0x00000232f5c5cae0 method=javafx.css.SimpleSelector.applies(Ljavafx/css/Styleable;[Ljava/util/Set;I)Z @ 37 c2
Event: 11.775 Thread 0x00000232852b0000 Uncommon trap: reason=array_check action=maybe_recompile pc=0x00000232f5c5cae0 method=javafx.css.SimpleSelector.applies(Ljavafx/css/Styleable;[Ljava/util/Set;I)Z @ 37 c2
Event: 11.792 Thread 0x00000232852b0000 Uncommon trap: reason=bimorphic_or_optimized_type_check action=maybe_recompile pc=0x00000232f5b9fc1c method=java.io.DataInputStream.readFully([BII)V @ 34 c2
Event: 11.926 Thread 0x00000232852b0000 Uncommon trap: reason=array_check action=maybe_recompile pc=0x00000232f5c7d774 method=javafx.css.CompoundSelector.applies(Ljavafx/css/Styleable;[Ljava/util/Set;I)Z @ 128 c2
Event: 11.926 Thread 0x00000232852b0000 Uncommon trap: reason=array_check action=maybe_recompile pc=0x00000232f5c7d774 method=javafx.css.CompoundSelector.applies(Ljavafx/css/Styleable;[Ljava/util/Set;I)Z @ 128 c2
Event: 11.926 Thread 0x00000232852b0000 Uncommon trap: reason=array_check action=maybe_recompile pc=0x00000232f5c7d774 method=javafx.css.CompoundSelector.applies(Ljavafx/css/Styleable;[Ljava/util/Set;I)Z @ 128 c2
Event: 11.926 Thread 0x00000232852b0000 Uncommon trap: reason=array_check action=maybe_recompile pc=0x00000232f5c7d774 method=javafx.css.CompoundSelector.applies(Ljavafx/css/Styleable;[Ljava/util/Set;I)Z @ 128 c2

Classes redefined (0 events):
No events

Internal exceptions (10 events):
Event: 0.961 Thread 0x00000232852b0000 Exception <a 'java/lang/NoSuchMethodError'{0x0000000089a53cd0}: method resolution failed> (0x0000000089a53cd0) thrown at [t:/workspace/open/src/hotspot/share/prims/methodHandles.cpp, line 1226]
Event: 0.987 Thread 0x0000023284ef1800 Exception <a 'java/lang/NullPointerException'{0x0000000089acef20}> (0x0000000089acef20) thrown at [t:/workspace/open/src/hotspot/share/interpreter/linkResolver.cpp, line 1412]
Event: 0.990 Thread 0x0000023284ef1800 Exception <a 'java/lang/NullPointerException'{0x0000000089ad92b0}> (0x0000000089ad92b0) thrown at [t:/workspace/open/src/hotspot/share/interpreter/linkResolver.cpp, line 1412]
Event: 2.289 Thread 0x00000232852b0000 Exception <a 'java/lang/NoSuchMethodError'{0x000000008a1d0ae0}: method resolution failed> (0x000000008a1d0ae0) thrown at [t:/workspace/open/src/hotspot/share/prims/methodHandles.cpp, line 1226]
Event: 11.648 Thread 0x00000232852b0000 Exception <a 'java/lang/ClassNotFoundException'{0x0000000089b8dd98}: com/sun/javafx/scene/control/skin/resources/controls-nt> (0x0000000089b8dd98) thrown at [t:/workspace/open/src/hotspot/share/prims/jni.cpp, line 632]
Event: 11.648 Thread 0x00000232852b0000 Exception <a 'java/lang/ClassNotFoundException'{0x0000000089b969e0}: com/sun/javafx/scene/control/skin/resources/controls-nt_en> (0x0000000089b969e0) thrown at [t:/workspace/open/src/hotspot/share/prims/jni.cpp, line 632]
Event: 11.649 Thread 0x00000232852b0000 Exception <a 'java/lang/ClassNotFoundException'{0x0000000089b97cf8}: com/sun/javafx/scene/control/skin/resources/controls-nt_en_US> (0x0000000089b97cf8) thrown at [t:/workspace/open/src/hotspot/share/prims/jni.cpp, line 632]
Event: 11.649 Thread 0x00000232852b0000 Exception <a 'java/lang/NoSuchMethodError'{0x0000000089b9fbf0}: java.lang.Object.lambda$andThen$0(Ljava/util/function/Consumer;Ljava/lang/Object;)V> (0x0000000089b9fbf0) thrown at [t:/workspace/open/src/hotspot/share/interpreter/linkResolver.cpp, line 741
Event: 11.724 Thread 0x00000232852b0000 Exception <a 'java/io/FileNotFoundException'{0x00000000899c5f90}> (0x00000000899c5f90) thrown at [t:/workspace/open/src/hotspot/share/prims/jni.cpp, line 611]
Event: 12.528 Thread 0x0000023284ef1800 Exception <a 'java/lang/NoSuchMethodError'{0x00000000890ea570}: java.lang.invoke.DirectMethodHandle$Holder.invokeStaticInit(Ljava/lang/Object;I)Ljava/lang/Object;> (0x00000000890ea570) thrown at [t:/workspace/open/src/hotspot/share/interpreter/linkResolve

Events (10 events):
Event: 12.530 loading class com/sun/scenario/effect/impl/Renderer
Event: 12.530 loading class com/sun/scenario/effect/impl/Renderer done
Event: 12.530 loading class com/sun/scenario/effect/FilterContext
Event: 12.530 loading class com/sun/scenario/effect/FilterContext done
Event: 12.554 Executing VM operation: RevokeBias
Event: 12.554 Executing VM operation: RevokeBias done
Event: 12.576 Thread 0x0000023284ef1800 DEOPT PACKING pc=0x00000232eebfa9fa sp=0x000000f844efcc00
Event: 12.576 Thread 0x0000023284ef1800 DEOPT UNPACKING pc=0x00000232ee0a884e sp=0x000000f844efc040 mode 0
Event: 12.576 Thread 0x0000023284ef1800 DEOPT PACKING pc=0x00000232eebfa9fa sp=0x000000f844efcc00
Event: 12.576 Thread 0x0000023284ef1800 DEOPT UNPACKING pc=0x00000232ee0a884e sp=0x000000f844efc040 mode 0


Dynamic libraries:
0x00007ff6bd660000 - 0x00007ff6bd69e000 	C:\Program Files\Java\jre-10.0.2\bin\javaw.exe
0x00007fff17050000 - 0x00007fff17231000 	C:\Windows\SYSTEM32\ntdll.dll
0x00007fff16f00000 - 0x00007fff16fb2000 	C:\Windows\System32\KERNEL32.DLL
0x00007fff139b0000 - 0x00007fff13c23000 	C:\Windows\System32\KERNELBASE.dll
0x00007fff15a10000 - 0x00007fff15ab1000 	C:\Windows\System32\ADVAPI32.dll
0x00007fff153d0000 - 0x00007fff1546e000 	C:\Windows\System32\msvcrt.dll
0x00007fff14e40000 - 0x00007fff14e9b000 	C:\Windows\System32\sechost.dll
0x00007fff152a0000 - 0x00007fff153c4000 	C:\Windows\System32\RPCRT4.dll
0x00007fff14670000 - 0x00007fff14800000 	C:\Windows\System32\USER32.dll
0x00007fff136f0000 - 0x00007fff13710000 	C:\Windows\System32\win32u.dll
0x00007fff15020000 - 0x00007fff15048000 	C:\Windows\System32\GDI32.dll
0x00007fff13c30000 - 0x00007fff13dc2000 	C:\Windows\System32\gdi32full.dll
0x00007fff13650000 - 0x00007fff136ef000 	C:\Windows\System32\msvcp_win.dll
0x00007fff134d0000 - 0x00007fff135ca000 	C:\Windows\System32\ucrtbase.dll
0x00007fff06c30000 - 0x00007fff06e99000 	C:\Windows\WinSxS\amd64_microsoft.windows.common-controls_6595b64144ccf1df_6.0.17134.228_none_fb4599993062b194\COMCTL32.dll
0x00007fff155d0000 - 0x00007fff158f3000 	C:\Windows\System32\combase.dll
0x00007fff135d0000 - 0x00007fff1364a000 	C:\Windows\System32\bcryptPrimitives.dll
0x00007fff0bc70000 - 0x00007fff0bc7a000 	C:\Windows\SYSTEM32\VERSION.dll
0x00007fff14800000 - 0x00007fff1482d000 	C:\Windows\System32\IMM32.DLL
0x00007ffefd7e0000 - 0x00007ffefd88a000 	C:\Program Files\RDT Global\HDGUARD\HDhks64.dll
0x00007fff154d0000 - 0x00007fff1553c000 	C:\Windows\System32\WS2_32.dll
0x00007fff0e550000 - 0x00007fff0e55c000 	C:\Windows\SYSTEM32\Secur32.dll
0x00007fff13290000 - 0x00007fff132c0000 	C:\Windows\SYSTEM32\SSPICLI.DLL
0x00007fff12d50000 - 0x00007fff12d5b000 	C:\Windows\SYSTEM32\CRYPTBASE.DLL
0x00007fff12420000 - 0x00007fff12451000 	C:\Windows\SYSTEM32\ntmarta.dll
0x00007ffedf8e0000 - 0x00007ffedf9cf000 	C:\Program Files\Java\jre-10.0.2\bin\msvcr120.dll
0x00007ffef5780000 - 0x00007ffef5826000 	C:\Program Files\Java\jre-10.0.2\bin\msvcp120.dll
0x0000000062d90000 - 0x0000000063800000 	C:\Program Files\Java\jre-10.0.2\bin\server\jvm.dll
0x00007fff15960000 - 0x00007fff15968000 	C:\Windows\System32\PSAPI.DLL
0x00007fff03830000 - 0x00007fff03839000 	C:\Windows\SYSTEM32\WSOCK32.dll
0x00007fff0f9c0000 - 0x00007fff0f9e3000 	C:\Windows\SYSTEM32\WINMM.dll
0x00007fff0f990000 - 0x00007fff0f9ba000 	C:\Windows\SYSTEM32\WINMMBASE.dll
0x00007fff13420000 - 0x00007fff13469000 	C:\Windows\System32\cfgmgr32.dll
0x00007fff04580000 - 0x00007fff0458f000 	C:\Program Files\Java\jre-10.0.2\bin\verify.dll
0x00007fff0b940000 - 0x00007fff0bb09000 	C:\Windows\SYSTEM32\DBGHELP.DLL
0x00007fff0b820000 - 0x00007fff0b849000 	C:\Windows\SYSTEM32\dbgcore.DLL
0x00007ffefb890000 - 0x00007ffefb8b7000 	C:\Program Files\Java\jre-10.0.2\bin\java.dll
0x00007fff04560000 - 0x00007fff04576000 	C:\Program Files\Java\jre-10.0.2\bin\zip.dll
0x00007ffefb880000 - 0x00007ffefb88a000 	C:\Program Files\Java\jre-10.0.2\bin\jimage.dll
0x00007fff15ac0000 - 0x00007fff16f00000 	C:\Windows\System32\SHELL32.dll
0x00007fff151f0000 - 0x00007fff15299000 	C:\Windows\System32\shcore.dll
0x00007fff13dd0000 - 0x00007fff144dd000 	C:\Windows\System32\windows.storage.dll
0x00007fff15470000 - 0x00007fff154c1000 	C:\Windows\System32\shlwapi.dll
0x00007fff13370000 - 0x00007fff13381000 	C:\Windows\System32\kernel.appcore.dll
0x00007fff13400000 - 0x00007fff1341f000 	C:\Windows\System32\profapi.dll
0x00007fff133b0000 - 0x00007fff133fc000 	C:\Windows\System32\powrprof.dll
0x00007fff13360000 - 0x00007fff1336a000 	C:\Windows\System32\FLTLIB.DLL
0x00000232e67f0000 - 0x00000232e67f3000 	C:\Program Files\Java\jre-10.0.2\bin\api-ms-win-core-console-l1-1-0.dll
0x00000232e6800000 - 0x00000232e6803000 	C:\Program Files\Java\jre-10.0.2\bin\api-ms-win-core-datetime-l1-1-0.dll
0x00000232e6810000 - 0x00000232e6813000 	C:\Program Files\Java\jre-10.0.2\bin\api-ms-win-core-debug-l1-1-0.dll
0x00000232e6820000 - 0x00000232e6823000 	C:\Program Files\Java\jre-10.0.2\bin\api-ms-win-core-errorhandling-l1-1-0.dll
0x00000232e6830000 - 0x00000232e6834000 	C:\Program Files\Java\jre-10.0.2\bin\api-ms-win-core-file-l1-1-0.dll
0x00000232e6840000 - 0x00000232e6843000 	C:\Program Files\Java\jre-10.0.2\bin\api-ms-win-core-file-l1-2-0.dll
0x00000232e6850000 - 0x00000232e6853000 	C:\Program Files\Java\jre-10.0.2\bin\api-ms-win-core-file-l2-1-0.dll
0x00000232e6860000 - 0x00000232e6863000 	C:\Program Files\Java\jre-10.0.2\bin\api-ms-win-core-handle-l1-1-0.dll
0x00000232e6870000 - 0x00000232e6873000 	C:\Program Files\Java\jre-10.0.2\bin\api-ms-win-core-heap-l1-1-0.dll
0x00000232e6880000 - 0x00000232e6883000 	C:\Program Files\Java\jre-10.0.2\bin\api-ms-win-core-interlocked-l1-1-0.dll
0x00000232e6890000 - 0x00000232e6893000 	C:\Program Files\Java\jre-10.0.2\bin\api-ms-win-core-libraryloader-l1-1-0.dll
0x00000232e68a0000 - 0x00000232e68a3000 	C:\Program Files\Java\jre-10.0.2\bin\api-ms-win-core-localization-l1-2-0.dll
0x00000232fffe0000 - 0x00000232fffe3000 	C:\Program Files\Java\jre-10.0.2\bin\api-ms-win-core-memory-l1-1-0.dll
0x00000232ffff0000 - 0x00000232ffff3000 	C:\Program Files\Java\jre-10.0.2\bin\api-ms-win-core-namedpipe-l1-1-0.dll
0x0000023285570000 - 0x0000023285573000 	C:\Program Files\Java\jre-10.0.2\bin\api-ms-win-core-processenvironment-l1-1-0.dll
0x0000023285580000 - 0x0000023285583000 	C:\Program Files\Java\jre-10.0.2\bin\api-ms-win-core-processthreads-l1-1-0.dll
0x0000023285590000 - 0x0000023285593000 	C:\Program Files\Java\jre-10.0.2\bin\api-ms-win-core-processthreads-l1-1-1.dll
0x00000232855a0000 - 0x00000232855a3000 	C:\Program Files\Java\jre-10.0.2\bin\api-ms-win-core-profile-l1-1-0.dll
0x00000232855b0000 - 0x00000232855b3000 	C:\Program Files\Java\jre-10.0.2\bin\api-ms-win-core-rtlsupport-l1-1-0.dll
0x00000232855c0000 - 0x00000232855c3000 	C:\Program Files\Java\jre-10.0.2\bin\api-ms-win-core-string-l1-1-0.dll
0x00000232855d0000 - 0x00000232855d3000 	C:\Program Files\Java\jre-10.0.2\bin\api-ms-win-core-synch-l1-1-0.dll
0x00000232855e0000 - 0x00000232855e3000 	C:\Program Files\Java\jre-10.0.2\bin\api-ms-win-core-synch-l1-2-0.dll
0x00000232855f0000 - 0x00000232855f3000 	C:\Program Files\Java\jre-10.0.2\bin\api-ms-win-core-sysinfo-l1-1-0.dll
0x0000023285600000 - 0x0000023285603000 	C:\Program Files\Java\jre-10.0.2\bin\api-ms-win-core-timezone-l1-1-0.dll
0x0000023285610000 - 0x0000023285613000 	C:\Program Files\Java\jre-10.0.2\bin\api-ms-win-core-util-l1-1-0.dll
0x0000023285620000 - 0x0000023285623000 	C:\Program Files\Java\jre-10.0.2\bin\api-ms-win-crt-conio-l1-1-0.dll
0x0000023285630000 - 0x0000023285634000 	C:\Program Files\Java\jre-10.0.2\bin\api-ms-win-crt-convert-l1-1-0.dll
0x0000023285640000 - 0x0000023285643000 	C:\Program Files\Java\jre-10.0.2\bin\api-ms-win-crt-environment-l1-1-0.dll
0x0000023285650000 - 0x0000023285653000 	C:\Program Files\Java\jre-10.0.2\bin\api-ms-win-crt-filesystem-l1-1-0.dll
0x0000023285660000 - 0x0000023285663000 	C:\Program Files\Java\jre-10.0.2\bin\api-ms-win-crt-heap-l1-1-0.dll
0x0000023285670000 - 0x0000023285673000 	C:\Program Files\Java\jre-10.0.2\bin\api-ms-win-crt-locale-l1-1-0.dll
0x0000023285680000 - 0x0000023285685000 	C:\Program Files\Java\jre-10.0.2\bin\api-ms-win-crt-math-l1-1-0.dll
0x0000023285690000 - 0x0000023285695000 	C:\Program Files\Java\jre-10.0.2\bin\api-ms-win-crt-multibyte-l1-1-0.dll
0x00000232856a0000 - 0x00000232856b0000 	C:\Program Files\Java\jre-10.0.2\bin\api-ms-win-crt-private-l1-1-0.dll
0x00000232856b0000 - 0x00000232856b3000 	C:\Program Files\Java\jre-10.0.2\bin\api-ms-win-crt-process-l1-1-0.dll
0x00000232856c0000 - 0x00000232856c4000 	C:\Program Files\Java\jre-10.0.2\bin\api-ms-win-crt-runtime-l1-1-0.dll
0x00000232856d0000 - 0x00000232856d4000 	C:\Program Files\Java\jre-10.0.2\bin\api-ms-win-crt-stdio-l1-1-0.dll
0x00000232856e0000 - 0x00000232856e4000 	C:\Program Files\Java\jre-10.0.2\bin\api-ms-win-crt-string-l1-1-0.dll
0x00000232856f0000 - 0x00000232856f3000 	C:\Program Files\Java\jre-10.0.2\bin\api-ms-win-crt-time-l1-1-0.dll
0x0000023285700000 - 0x0000023285703000 	C:\Program Files\Java\jre-10.0.2\bin\api-ms-win-crt-utility-l1-1-0.dll
0x00007ffef58b0000 - 0x00007ffef59a6000 	C:\Program Files\Java\jre-10.0.2\bin\ucrtbase.dll
0x00007ffef5890000 - 0x00007ffef58a6000 	C:\Program Files\Java\jre-10.0.2\bin\vcruntime140.dll
0x00007ffee1ce0000 - 0x00007ffee1d7c000 	C:\Program Files\Java\jre-10.0.2\bin\msvcp140.dll
0x00007ffee1c80000 - 0x00007ffee1cd1000 	C:\Program Files\Java\jre-10.0.2\bin\concrt140.dll
0x00007ffef5860000 - 0x00007ffef5883000 	C:\Program Files\Java\jre-10.0.2\bin\prism_d3d.dll
0x00007ffee2bc0000 - 0x00007ffee2d57000 	C:\Windows\system32\d3d9.dll
0x00007fff116f0000 - 0x00007fff11719000 	C:\Windows\SYSTEM32\dwmapi.dll
0x00007fff114a0000 - 0x00007fff11538000 	C:\Windows\system32\uxtheme.dll
0x00007ffed5210000 - 0x00007ffed53e7000 	C:\Windows\System32\DriverStore\FileRepository\ki127171.inf_amd64_368f8c7337214025\igdumdim64.dll
0x00007ffeb94c0000 - 0x00007ffebc4bd000 	C:\Windows\System32\DriverStore\FileRepository\ki127171.inf_amd64_368f8c7337214025\igd9dxva64.dll
0x00007fff14500000 - 0x00007fff14651000 	C:\Windows\System32\ole32.dll
0x00007fff14d70000 - 0x00007fff14e32000 	C:\Windows\System32\OLEAUT32.dll
0x00007ffee1c30000 - 0x00007ffee1c7a000 	C:\Program Files\Java\jre-10.0.2\bin\glass.dll
0x00007fff14830000 - 0x00007fff1491d000 	C:\Windows\System32\COMDLG32.dll
0x00007fff14ea0000 - 0x00007fff15015000 	C:\Windows\System32\MSCTF.dll
0x0000000011320000 - 0x0000000011361000 	C:\Program Files (x86)\NetSupport\NetSupport School\pciappctrl64.dll
0x00007fff0cf50000 - 0x00007fff0cf6a000 	C:\Windows\SYSTEM32\MPR.dll
0x00007fff07a00000 - 0x00007fff09795000 	C:\Windows\System32\DriverStore\FileRepository\ki127171.inf_amd64_368f8c7337214025\igc64.dll
0x00007ffef3a50000 - 0x00007ffef3a64000 	C:\Program Files\Java\jre-10.0.2\bin\javafx_font.dll
0x00007ffeb9320000 - 0x00007ffeb94bb000 	C:\Program Files\Java\jre-10.0.2\bin\awt.dll
0x00007fff0fb90000 - 0x00007fff10157000 	C:\Windows\SYSTEM32\d2d1.dll
0x00007fff112e0000 - 0x00007fff1136b000 	C:\Windows\SYSTEM32\apphelp.dll
0x00007ffee1bc0000 - 0x00007ffee1c25000 	C:\Program Files\Java\jre-10.0.2\bin\fontmanager.dll
0x00007ffef4650000 - 0x00007ffef496c000 	C:\Windows\SYSTEM32\dwrite.dll
0x00007ffee1b90000 - 0x00007ffee1bb3000 	C:\Program Files\Java\jre-10.0.2\bin\javafx_iio.dll
0x00007fff15970000 - 0x00007fff15a10000 	C:\Windows\System32\clbcatq.dll
0x00007fff0e600000 - 0x00007fff0e7ae000 	C:\Windows\SYSTEM32\WindowsCodecs.dll
0x00007ffef0ca0000 - 0x00007ffef0cf8000 	C:\Windows\system32\dataexchange.dll
0x00007fff10160000 - 0x00007fff1046b000 	C:\Windows\system32\d3d11.dll
0x00007fff109a0000 - 0x00007fff10b3c000 	C:\Windows\system32\dcomp.dll
0x00007fff12120000 - 0x00007fff121db000 	C:\Windows\system32\dxgi.dll
0x00007fff11830000 - 0x00007fff119e8000 	C:\Windows\system32\twinapi.appcore.dll
0x00007fff117d0000 - 0x00007fff117f1000 	C:\Windows\system32\RMCLIENT.dll
0x00007ffed51d0000 - 0x00007ffed5204000 	C:\Program Files\Common Files\Microsoft Shared\Ink\rtscom.dll
0x00007ffefd740000 - 0x00007ffefd7d7000 	C:\Windows\System32\TextInputFramework.dll
0x00007fff0df30000 - 0x00007fff0e24e000 	C:\Windows\System32\CoreUIComponents.dll
0x00007fff110e0000 - 0x00007fff111ba000 	C:\Windows\System32\CoreMessaging.dll
0x00007fff0dde0000 - 0x00007fff0df2d000 	C:\Windows\SYSTEM32\wintypes.dll
0x00007ffef5620000 - 0x00007ffef563a000 	C:\Program Files\Java\jre-10.0.2\bin\net.dll
0x00007fff0efc0000 - 0x00007fff0f09c000 	C:\Windows\SYSTEM32\WINHTTP.dll
0x00007fff12b80000 - 0x00007fff12be6000 	C:\Windows\system32\mswsock.dll

dbghelp: loaded successfully - version: 4.0.5 - missing functions: none
symbol engine: initialized successfully - sym options: 0x614 - pdb path: .;C:\Program Files\Java\jre-10.0.2\bin;C:\Windows\SYSTEM32;C:\Windows\WinSxS\amd64_microsoft.windows.common-controls_6595b64144ccf1df_6.0.17134.228_none_fb4599993062b194;C:\Program Files\RDT Global\HDGUARD;C:\Program Files\Java\jre-10.0.2\bin\server;C:\Windows\System32\DriverStore\FileRepository\ki127171.inf_amd64_368f8c7337214025;C:\Program Files (x86)\NetSupport\NetSupport School;C:\Program Files\Common Files\Microsoft Shared\Ink;C:\Program Files\Bonjour;C:\Program Files\National Instruments\Shared\mDNS Responder;C:\Windows\WinSxS\amd64_microsoft.vc90.crt_1fc8b3b9a1e18e3b_9.0.30729.9415_none_08e0c10ba840a28a

VM Arguments:
jvm_args: -Dfile.encoding=Cp1252 
java_command: application.Main
java_class_path (initial): C:\Users\313444887\Desktop\clientTop\client\bin;C:\Users\313444887\Desktop\clientTop\OCSF\bin;C:\Users\313444887\Desktop\clientTop\Protocols\bin
Launcher Type: SUN_STANDARD

Logging:
Log output configuration:
#0: stdout all=warning uptime,level,tags
#1: stderr all=off uptime,level,tags

Environment Variables:
CLASSPATH=C:\LINGO14\Lingo14.jar
PATH=C:\Program Files\MATLAB\R2018a\bin;C:\Program Files (x86)\Common Files\Oracle\Java\javapath;C:\Tcl\bin;C:\OpenSim 3.3\bin;C:\Program Files (x86)\Rockwell Software\RSCommon;C:\Windows\system32;C:\Windows;C:\Windows\System32\Wbem;C:\Windows\System32\WindowsPowerShell\v1.0\;C:\Windows\System32\OpenSSH\;C:\Users\Administrator\.dnx\bin;C:\Program Files\Microsoft DNX\Dnvm\;C:\VXIPNP\WinNT\Bin;C:\Program Files\Microsoft SQL Server\Client SDK\ODBC\110\Tools\Binn\;C:\Program Files (x86)\Windows Kits\8.1\Windows Performance Toolkit\;C:\Program Files\IBM\SPSS\Statistics\24\JRE\bin;C:\Program Files (x86)\IVI Foundation\IVI\bin;C:\Program Files\IVI Foundation\IVI\bin;C:\VXIPNP\WinNT\Bin\;C:\Program Files\IVI Foundation\VISA\Win64\Bin\;C:\Program Files\PuTTY\;C:\Program Files\Point Grey Research\FlyCapture2\bin64;C:\Program Files\Point Grey Research\FlyCapture2\bin64\vs2013;C:\Program Files\Point Grey Research\FlyCapture2\bin64\vs2015;C:\Program Files (x86)\National Instruments\Motion Assistant\bin\mxwplugins;C:\Program Files (x86)\Windows Kits\10\Windows Performance Toolkit\;C:\Program Files\MATLAB\R2018a\runtime\win64;C:\Users\Administrator\AppData\Local\Microsoft\WindowsApps;C:\Program Files (x86)\Atmel\Flip 3.4.7\bin;C:\LINGO14\;C:\XIMEA\API;C:\Anaconda;C:\Anaconda\Scripts;C:\Program Files\MiKTeX 2.9\miktex\bin\x64\;C:\Users\Student\AppData\Local\Microsoft\WindowsApps;C:\Cadence\SPB_16.6\tools\pcb\bin;C:\Cadence\SPB_16.6\tools\bin;C:\Cadence\SPB_16.6\tools\libutil\bin;C:\Cadence\SPB_16.6\tools\fet\bin;C:\Cadence\SPB_16.6\tools\specctra\bin;C:\Cadence\SPB_16.6\tools\pspice;C:\Cadence\SPB_16.6\tools\capture;C:\Cadence\SPB_16.6\openaccess\bin\win32\opt;C:\S4200\sys\bin;C:\S4200\kiuser\usrlib;C:\S4200\sys\openint\dll;C:\altera\13.0sp1\modelsim_ase\win32aloem;C:\Program Files (x86)\SDCC\bin;C:\S4200\kiuser\usrlib;C:\S4200\sys\openint\dll;C:\Users\313444887\AppData\Local\Microsoft\WindowsApps;C:\altera\13.0sp1\modelsim_ase\win32aloem;C:\Program Files (x86)\SDCC\bin
USERNAME=313444887
OS=Windows_NT
PROCESSOR_IDENTIFIER=Intel64 Family 6 Model 94 Stepping 3, GenuineIntel



---------------  S Y S T E M  ---------------

OS: Windows 10 , 64 bit Build 17134 (10.0.17134.1)

CPU:total 4 (initial active 4) (4 cores per cpu, 1 threads per core) family 6 model 94 stepping 3, cmov, cx8, fxsr, mmx, sse, sse2, sse3, ssse3, sse4.1, sse4.2, popcnt, avx, avx2, aes, clmul, erms, rtm, 3dnowpref, lzcnt, tsc, tscinvbit, bmi1, bmi2, adx, fma

Memory: 4k page, physical 8239248k(1155044k free), swap 28530048k(1224k free)

vm_info: Java HotSpot(TM) 64-Bit Server VM (10.0.2+13) for windows-amd64 JRE (10.0.2+13), built on Jun 28 2018 01:57:56 by "mach5one" with MS VC++ 12.0 (VS2013)

END.
